<?xml version="1.0" encoding="UTF-8"?>
<testsuite xmlns:xsi="http://www.w3.org/2001/XMLSchema-instance" xsi:noNamespaceSchemaLocation="https://maven.apache.org/surefire/maven-surefire-plugin/xsd/surefire-test-report-3.0.xsd" version="3.0" name="io.csviri.operator.workflow.WorkflowTest" time="64.792" tests="6" errors="0" skipped="0" failures="0">
  <properties>
[...]
</properties>
  <testcase name="handlingClusterScopeDependents" classname="io.csviri.operator.workflow.WorkflowTest" time="14.555">
    <system-out><![CDATA[2024-01-19 10:11:09,098 1 i.j.o.j.AbstractOperatorExtension [INFO ] Initializing integration test in namespace workflowtest-handlingclusterscopedependents-b7cb1
2024-01-19 10:11:11,147 1 Default ConfigurationService implementation [WARN ] Configuration for reconciler 'workflowreconciler' was not found. Known reconcilers: None.
2024-01-19 10:11:11,148 1 Default ConfigurationService implementation [INFO ] Created configuration for reconciler io.csviri.operator.workflow.reconciler.WorkflowReconciler with name workflowreconciler
2024-01-19 10:11:13,189 1 i.j.o.Operator                 [INFO ] Registered reconciler: 'workflowreconciler' for resource: 'class io.csviri.operator.workflow.customresource.workflow.Workflow' for namespace(s): [workflowtest-handlingclusterscopedependents-b7cb1]
2024-01-19 10:11:13,189 1 i.j.o.Operator                 [INFO ] Operator SDK 4.7.0-SNAPSHOT (commit: 280e4b5) built on 2024-01-19T10:03:25.000+0100 starting...
2024-01-19 10:11:13,189 1 i.j.o.Operator                 [INFO ] Client version: 6.10.0
2024-01-19 10:11:13,190 257 i.j.o.p.Controller             [INFO ] Starting 'workflowreconciler' controller for reconciler: io.csviri.operator.workflow.reconciler.WorkflowReconciler, resource: io.csviri.operator.workflow.customresource.workflow.Workflow
2024-01-19 10:11:13,247 257 i.j.o.p.Controller             [INFO ] 'workflowreconciler' controller started
2024-01-19 10:11:13,267 265 i.c.o.w.r.InformerRegister     [DEBUG] Adding new event source for: GroupVersionKind{group='io.csviri.operator.workflow', version='v1', kind='ClusterScopeTestCustomResource'}
2024-01-19 10:11:13,271 265 i.j.o.p.d.k.KubernetesDependentResource [WARN ] Using default configuration for GenericKubernetesResource KubernetesDependentResource, call configureWith to provide configuration
2024-01-19 10:11:13,363 1 i.j.o.j.AbstractOperatorExtension [INFO ] Deleting namespace workflowtest-handlingclusterscopedependents-b7cb1 and stopping operator
2024-01-19 10:11:13,369 1 i.j.o.j.AbstractOperatorExtension [INFO ] Waiting for namespace workflowtest-handlingclusterscopedependents-b7cb1 to be deleted
2024-01-19 10:11:18,479 271 i.c.o.w.r.InformerRegister     [DEBUG] Found event source for: GroupVersionKind{group='io.csviri.operator.workflow', version='v1', kind='ClusterScopeTestCustomResource'}
2024-01-19 10:11:23,651 1 i.j.o.Operator                 [INFO ] Operator SDK 4.7.0-SNAPSHOT is shutting down...
]]></system-out>
  </testcase>
  <testcase name="changingWorkflow" classname="io.csviri.operator.workflow.WorkflowTest" time="10.638">
    <system-out><![CDATA[2024-01-19 10:11:23,671 1 i.j.o.j.AbstractOperatorExtension [INFO ] Initializing integration test in namespace workflowtest-changingworkflow-0c431
2024-01-19 10:11:25,725 1 Default ConfigurationService implementation [WARN ] Configuration for reconciler 'workflowreconciler' was not found. Known reconcilers: None.
2024-01-19 10:11:25,726 1 Default ConfigurationService implementation [INFO ] Created configuration for reconciler io.csviri.operator.workflow.reconciler.WorkflowReconciler with name workflowreconciler
2024-01-19 10:11:27,754 1 i.j.o.Operator                 [INFO ] Registered reconciler: 'workflowreconciler' for resource: 'class io.csviri.operator.workflow.customresource.workflow.Workflow' for namespace(s): [workflowtest-changingworkflow-0c431]
2024-01-19 10:11:27,755 1 i.j.o.Operator                 [INFO ] Operator SDK 4.7.0-SNAPSHOT (commit: 280e4b5) built on 2024-01-19T10:03:25.000+0100 starting...
2024-01-19 10:11:27,755 1 i.j.o.Operator                 [INFO ] Client version: 6.10.0
2024-01-19 10:11:27,755 280 i.j.o.p.Controller             [INFO ] Starting 'workflowreconciler' controller for reconciler: io.csviri.operator.workflow.reconciler.WorkflowReconciler, resource: io.csviri.operator.workflow.customresource.workflow.Workflow
2024-01-19 10:11:27,815 280 i.j.o.p.Controller             [INFO ] 'workflowreconciler' controller started
2024-01-19 10:11:27,834 288 i.c.o.w.r.InformerRegister     [DEBUG] Adding new event source for: GroupVersionKind{group='null', version='v1', kind='ConfigMap'}
2024-01-19 10:11:27,834 288 i.j.o.p.d.k.KubernetesDependentResource [WARN ] Using default configuration for GenericKubernetesResource KubernetesDependentResource, call configureWith to provide configuration
2024-01-19 10:11:27,887 288 i.c.o.w.r.InformerRegister     [DEBUG] Found event source for: GroupVersionKind{group='null', version='v1', kind='ConfigMap'}
2024-01-19 10:11:28,965 296 i.c.o.w.r.InformerRegister     [DEBUG] Found event source for: GroupVersionKind{group='null', version='v1', kind='ConfigMap'}
2024-01-19 10:11:28,965 296 i.c.o.w.r.InformerRegister     [DEBUG] Adding new event source for: GroupVersionKind{group='null', version='v1', kind='Secret'}
2024-01-19 10:11:28,966 296 i.j.o.p.d.k.KubernetesDependentResource [WARN ] Using default configuration for GenericKubernetesResource KubernetesDependentResource, call configureWith to provide configuration
2024-01-19 10:11:29,039 296 i.c.o.w.r.WorkflowReconciler   [DEBUG] Deleting resource with name: configMap2
2024-01-19 10:11:29,046 301 i.c.o.w.r.InformerRegister     [DEBUG] Found event source for: GroupVersionKind{group='null', version='v1', kind='ConfigMap'}
2024-01-19 10:11:29,046 301 i.c.o.w.r.InformerRegister     [DEBUG] Found event source for: GroupVersionKind{group='null', version='v1', kind='Secret'}
2024-01-19 10:11:29,073 305 i.c.o.w.r.InformerRegister     [DEBUG] Found event source for: GroupVersionKind{group='null', version='v1', kind='ConfigMap'}
2024-01-19 10:11:29,073 305 i.c.o.w.r.InformerRegister     [DEBUG] Found event source for: GroupVersionKind{group='null', version='v1', kind='Secret'}
2024-01-19 10:11:29,177 1 i.j.o.j.AbstractOperatorExtension [INFO ] Deleting namespace workflowtest-changingworkflow-0c431 and stopping operator
2024-01-19 10:11:29,184 1 i.j.o.j.AbstractOperatorExtension [INFO ] Waiting for namespace workflowtest-changingworkflow-0c431 to be deleted
2024-01-19 10:11:34,307 1 i.j.o.Operator                 [INFO ] Operator SDK 4.7.0-SNAPSHOT is shutting down...
]]></system-out>
  </testcase>
  <testcase name="templatingObject" classname="io.csviri.operator.workflow.WorkflowTest" time="9.538">
    <system-out><![CDATA[2024-01-19 10:11:34,328 1 i.j.o.j.AbstractOperatorExtension [INFO ] Initializing integration test in namespace workflowtest-templatingobject-5e94b
2024-01-19 10:11:36,386 1 Default ConfigurationService implementation [WARN ] Configuration for reconciler 'workflowreconciler' was not found. Known reconcilers: None.
2024-01-19 10:11:36,386 1 Default ConfigurationService implementation [INFO ] Created configuration for reconciler io.csviri.operator.workflow.reconciler.WorkflowReconciler with name workflowreconciler
2024-01-19 10:11:38,429 1 i.j.o.Operator                 [INFO ] Registered reconciler: 'workflowreconciler' for resource: 'class io.csviri.operator.workflow.customresource.workflow.Workflow' for namespace(s): [workflowtest-templatingobject-5e94b]
2024-01-19 10:11:38,430 1 i.j.o.Operator                 [INFO ] Operator SDK 4.7.0-SNAPSHOT (commit: 280e4b5) built on 2024-01-19T10:03:25.000+0100 starting...
2024-01-19 10:11:38,430 1 i.j.o.Operator                 [INFO ] Client version: 6.10.0
2024-01-19 10:11:38,430 316 i.j.o.p.Controller             [INFO ] Starting 'workflowreconciler' controller for reconciler: io.csviri.operator.workflow.reconciler.WorkflowReconciler, resource: io.csviri.operator.workflow.customresource.workflow.Workflow
2024-01-19 10:11:38,491 316 i.j.o.p.Controller             [INFO ] 'workflowreconciler' controller started
2024-01-19 10:11:38,522 324 i.c.o.w.r.InformerRegister     [DEBUG] Adding new event source for: GroupVersionKind{group='null', version='v1', kind='ConfigMap'}
2024-01-19 10:11:38,523 324 i.j.o.p.d.k.KubernetesDependentResource [WARN ] Using default configuration for GenericKubernetesResource KubernetesDependentResource, call configureWith to provide configuration
2024-01-19 10:11:38,579 324 i.c.o.w.r.InformerRegister     [DEBUG] Found event source for: GroupVersionKind{group='null', version='v1', kind='ConfigMap'}
2024-01-19 10:11:38,632 330 i.c.o.w.r.InformerRegister     [DEBUG] Found event source for: GroupVersionKind{group='null', version='v1', kind='ConfigMap'}
2024-01-19 10:11:38,632 330 i.c.o.w.r.InformerRegister     [DEBUG] Found event source for: GroupVersionKind{group='null', version='v1', kind='ConfigMap'}
2024-01-19 10:11:38,736 1 i.j.o.j.AbstractOperatorExtension [INFO ] Deleting namespace workflowtest-templatingobject-5e94b and stopping operator
2024-01-19 10:11:38,742 1 i.j.o.j.AbstractOperatorExtension [INFO ] Waiting for namespace workflowtest-templatingobject-5e94b to be deleted
2024-01-19 10:11:43,864 1 i.j.o.Operator                 [INFO ] Operator SDK 4.7.0-SNAPSHOT is shutting down...
]]></system-out>
  </testcase>
  <testcase name="javaScriptCondition" classname="io.csviri.operator.workflow.WorkflowTest" time="10.704">
    <system-out><![CDATA[2024-01-19 10:11:43,889 1 i.j.o.j.AbstractOperatorExtension [INFO ] Initializing integration test in namespace workflowtest-javascriptcondition-22f74
2024-01-19 10:11:45,946 1 Default ConfigurationService implementation [WARN ] Configuration for reconciler 'workflowreconciler' was not found. Known reconcilers: None.
2024-01-19 10:11:45,946 1 Default ConfigurationService implementation [INFO ] Created configuration for reconciler io.csviri.operator.workflow.reconciler.WorkflowReconciler with name workflowreconciler
2024-01-19 10:11:47,975 1 i.j.o.Operator                 [INFO ] Registered reconciler: 'workflowreconciler' for resource: 'class io.csviri.operator.workflow.customresource.workflow.Workflow' for namespace(s): [workflowtest-javascriptcondition-22f74]
2024-01-19 10:11:47,976 1 i.j.o.Operator                 [INFO ] Operator SDK 4.7.0-SNAPSHOT (commit: 280e4b5) built on 2024-01-19T10:03:25.000+0100 starting...
2024-01-19 10:11:47,976 1 i.j.o.Operator                 [INFO ] Client version: 6.10.0
2024-01-19 10:11:47,976 340 i.j.o.p.Controller             [INFO ] Starting 'workflowreconciler' controller for reconciler: io.csviri.operator.workflow.reconciler.WorkflowReconciler, resource: io.csviri.operator.workflow.customresource.workflow.Workflow
2024-01-19 10:11:48,031 340 i.j.o.p.Controller             [INFO ] 'workflowreconciler' controller started
2024-01-19 10:11:48,059 349 i.c.o.w.r.InformerRegister     [DEBUG] Adding new event source for: GroupVersionKind{group='null', version='v1', kind='ConfigMap'}
2024-01-19 10:11:48,059 349 i.j.o.p.d.k.KubernetesDependentResource [WARN ] Using default configuration for GenericKubernetesResource KubernetesDependentResource, call configureWith to provide configuration
2024-01-19 10:11:48,118 349 i.c.o.w.r.InformerRegister     [DEBUG] Found event source for: GroupVersionKind{group='null', version='v1', kind='ConfigMap'}
2024-01-19 10:11:48,146 351 i.c.o.w.c.JavaScripCondition   [DEBUG] Final Condition JS:
const configMap1= JSON.parse(configMap1Str);

configMap1.data.createOther == "true";

2024-01-19 10:11:49,244 356 i.c.o.w.r.InformerRegister     [DEBUG] Found event source for: GroupVersionKind{group='null', version='v1', kind='ConfigMap'}
2024-01-19 10:11:49,245 356 i.c.o.w.r.InformerRegister     [DEBUG] Found event source for: GroupVersionKind{group='null', version='v1', kind='ConfigMap'}
2024-01-19 10:11:49,261 357 i.c.o.w.c.JavaScripCondition   [DEBUG] Final Condition JS:
const configMap1= JSON.parse(configMap1Str);

configMap1.data.createOther == "true";

2024-01-19 10:11:49,348 360 i.c.o.w.r.InformerRegister     [DEBUG] Found event source for: GroupVersionKind{group='null', version='v1', kind='ConfigMap'}
2024-01-19 10:11:49,348 360 i.c.o.w.r.InformerRegister     [DEBUG] Found event source for: GroupVersionKind{group='null', version='v1', kind='ConfigMap'}
2024-01-19 10:11:49,452 1 i.j.o.j.AbstractOperatorExtension [INFO ] Deleting namespace workflowtest-javascriptcondition-22f74 and stopping operator
2024-01-19 10:11:49,457 1 i.j.o.j.AbstractOperatorExtension [INFO ] Waiting for namespace workflowtest-javascriptcondition-22f74 to be deleted
2024-01-19 10:11:54,590 1 i.j.o.Operator                 [INFO ] Operator SDK 4.7.0-SNAPSHOT is shutting down...
]]></system-out>
    <system-err><![CDATA[[To redirect Truffle log output to a file use one of the following options:
* '--log.file=<path>' if the option is passed using a guest language launcher.
* '-Dpolyglot.log.file=<path>' if the option is passed using the host Java launcher.
* Configure logging using the polyglot embedding API.]
[engine] WARNING: The polyglot context is using an implementation that does not support runtime compilation.
The guest application code will therefore be executed in interpreted mode only.
Execution only in interpreted mode will strongly impact the guest application performance.
For more information on using GraalVM see https://www.graalvm.org/java/quickstart/.
To disable this warning the '--engine.WarnInterpreterOnly=false' option or use the '-Dpolyglot.engine.WarnInterpreterOnly=false' system property.
[To redirect Truffle log output to a file use one of the following options:
* '--log.file=<path>' if the option is passed using a guest language launcher.
* '-Dpolyglot.log.file=<path>' if the option is passed using the host Java launcher.
* Configure logging using the polyglot embedding API.]
[engine] WARNING: The polyglot context is using an implementation that does not support runtime compilation.
The guest application code will therefore be executed in interpreted mode only.
Execution only in interpreted mode will strongly impact the guest application performance.
For more information on using GraalVM see https://www.graalvm.org/java/quickstart/.
To disable this warning the '--engine.WarnInterpreterOnly=false' option or use the '-Dpolyglot.engine.WarnInterpreterOnly=false' system property.
]]></system-err>
  </testcase>
  <testcase name="stringTemplate" classname="io.csviri.operator.workflow.WorkflowTest" time="9.521">
    <system-out><![CDATA[2024-01-19 10:11:54,611 1 i.j.o.j.AbstractOperatorExtension [INFO ] Initializing integration test in namespace workflowtest-stringtemplate-78e39
2024-01-19 10:11:56,663 1 Default ConfigurationService implementation [WARN ] Configuration for reconciler 'workflowreconciler' was not found. Known reconcilers: None.
2024-01-19 10:11:56,663 1 Default ConfigurationService implementation [INFO ] Created configuration for reconciler io.csviri.operator.workflow.reconciler.WorkflowReconciler with name workflowreconciler
2024-01-19 10:11:58,712 1 i.j.o.Operator                 [INFO ] Registered reconciler: 'workflowreconciler' for resource: 'class io.csviri.operator.workflow.customresource.workflow.Workflow' for namespace(s): [workflowtest-stringtemplate-78e39]
2024-01-19 10:11:58,712 1 i.j.o.Operator                 [INFO ] Operator SDK 4.7.0-SNAPSHOT (commit: 280e4b5) built on 2024-01-19T10:03:25.000+0100 starting...
2024-01-19 10:11:58,712 1 i.j.o.Operator                 [INFO ] Client version: 6.10.0
2024-01-19 10:11:58,713 370 i.j.o.p.Controller             [INFO ] Starting 'workflowreconciler' controller for reconciler: io.csviri.operator.workflow.reconciler.WorkflowReconciler, resource: io.csviri.operator.workflow.customresource.workflow.Workflow
2024-01-19 10:11:58,767 370 i.j.o.p.Controller             [INFO ] 'workflowreconciler' controller started
2024-01-19 10:11:58,801 379 i.c.o.w.r.InformerRegister     [DEBUG] Adding new event source for: GroupVersionKind{group='null', version='v1', kind='ConfigMap'}
2024-01-19 10:11:58,801 379 i.j.o.p.d.k.KubernetesDependentResource [WARN ] Using default configuration for GenericKubernetesResource KubernetesDependentResource, call configureWith to provide configuration
2024-01-19 10:11:58,855 379 i.c.o.w.r.InformerRegister     [DEBUG] Found event source for: GroupVersionKind{group='null', version='v1', kind='ConfigMap'}
2024-01-19 10:11:58,904 385 i.c.o.w.r.InformerRegister     [DEBUG] Found event source for: GroupVersionKind{group='null', version='v1', kind='ConfigMap'}
2024-01-19 10:11:58,904 385 i.c.o.w.r.InformerRegister     [DEBUG] Found event source for: GroupVersionKind{group='null', version='v1', kind='ConfigMap'}
2024-01-19 10:11:59,008 1 i.j.o.j.AbstractOperatorExtension [INFO ] Deleting namespace workflowtest-stringtemplate-78e39 and stopping operator
2024-01-19 10:11:59,012 1 i.j.o.j.AbstractOperatorExtension [INFO ] Waiting for namespace workflowtest-stringtemplate-78e39 to be deleted
2024-01-19 10:12:04,129 1 i.j.o.Operator                 [INFO ] Operator SDK 4.7.0-SNAPSHOT is shutting down...
]]></system-out>
  </testcase>
  <testcase name="simpleConcurrencyTest" classname="io.csviri.operator.workflow.WorkflowTest" time="9.72">
    <system-out><![CDATA[2024-01-19 10:12:04,150 1 i.j.o.j.AbstractOperatorExtension [INFO ] Initializing integration test in namespace workflowtest-simpleconcurrencytest-ef8e6
2024-01-19 10:12:06,200 1 Default ConfigurationService implementation [WARN ] Configuration for reconciler 'workflowreconciler' was not found. Known reconcilers: None.
2024-01-19 10:12:06,200 1 Default ConfigurationService implementation [INFO ] Created configuration for reconciler io.csviri.operator.workflow.reconciler.WorkflowReconciler with name workflowreconciler
2024-01-19 10:12:08,239 1 i.j.o.Operator                 [INFO ] Registered reconciler: 'workflowreconciler' for resource: 'class io.csviri.operator.workflow.customresource.workflow.Workflow' for namespace(s): [workflowtest-simpleconcurrencytest-ef8e6]
2024-01-19 10:12:08,240 1 i.j.o.Operator                 [INFO ] Operator SDK 4.7.0-SNAPSHOT (commit: 280e4b5) built on 2024-01-19T10:03:25.000+0100 starting...
2024-01-19 10:12:08,240 1 i.j.o.Operator                 [INFO ] Client version: 6.10.0
2024-01-19 10:12:08,240 395 i.j.o.p.Controller             [INFO ] Starting 'workflowreconciler' controller for reconciler: io.csviri.operator.workflow.reconciler.WorkflowReconciler, resource: io.csviri.operator.workflow.customresource.workflow.Workflow
2024-01-19 10:12:08,299 395 i.j.o.p.Controller             [INFO ] 'workflowreconciler' controller started
2024-01-19 10:12:08,339 406 i.c.o.w.r.InformerRegister     [DEBUG] Adding new event source for: GroupVersionKind{group='null', version='v1', kind='ConfigMap'}
2024-01-19 10:12:08,339 406 i.j.o.p.d.k.KubernetesDependentResource [WARN ] Using default configuration for GenericKubernetesResource KubernetesDependentResource, call configureWith to provide configuration
2024-01-19 10:12:08,344 409 i.c.o.w.r.InformerRegister     [DEBUG] Found event source for: GroupVersionKind{group='null', version='v1', kind='ConfigMap'}
2024-01-19 10:12:08,345 409 i.c.o.w.r.InformerRegister     [DEBUG] Found event source for: GroupVersionKind{group='null', version='v1', kind='ConfigMap'}
2024-01-19 10:12:08,349 413 i.c.o.w.r.InformerRegister     [DEBUG] Found event source for: GroupVersionKind{group='null', version='v1', kind='ConfigMap'}
2024-01-19 10:12:08,349 413 i.c.o.w.r.InformerRegister     [DEBUG] Found event source for: GroupVersionKind{group='null', version='v1', kind='ConfigMap'}
2024-01-19 10:12:08,355 417 i.c.o.w.r.InformerRegister     [DEBUG] Found event source for: GroupVersionKind{group='null', version='v1', kind='ConfigMap'}
2024-01-19 10:12:08,355 417 i.c.o.w.r.InformerRegister     [DEBUG] Found event source for: GroupVersionKind{group='null', version='v1', kind='ConfigMap'}
2024-01-19 10:12:08,363 402 i.c.o.w.r.InformerRegister     [DEBUG] Found event source for: GroupVersionKind{group='null', version='v1', kind='ConfigMap'}
2024-01-19 10:12:08,364 402 i.c.o.w.r.InformerRegister     [DEBUG] Found event source for: GroupVersionKind{group='null', version='v1', kind='ConfigMap'}
2024-01-19 10:12:08,368 407 i.c.o.w.r.InformerRegister     [DEBUG] Found event source for: GroupVersionKind{group='null', version='v1', kind='ConfigMap'}
2024-01-19 10:12:08,368 407 i.c.o.w.r.InformerRegister     [DEBUG] Found event source for: GroupVersionKind{group='null', version='v1', kind='ConfigMap'}
2024-01-19 10:12:08,374 416 i.c.o.w.r.InformerRegister     [DEBUG] Found event source for: GroupVersionKind{group='null', version='v1', kind='ConfigMap'}
2024-01-19 10:12:08,374 416 i.c.o.w.r.InformerRegister     [DEBUG] Found event source for: GroupVersionKind{group='null', version='v1', kind='ConfigMap'}
2024-01-19 10:12:08,377 404 i.c.o.w.r.InformerRegister     [DEBUG] Found event source for: GroupVersionKind{group='null', version='v1', kind='ConfigMap'}
2024-01-19 10:12:08,377 404 i.c.o.w.r.InformerRegister     [DEBUG] Found event source for: GroupVersionKind{group='null', version='v1', kind='ConfigMap'}
2024-01-19 10:12:08,384 419 i.c.o.w.r.InformerRegister     [DEBUG] Found event source for: GroupVersionKind{group='null', version='v1', kind='ConfigMap'}
2024-01-19 10:12:08,384 412 i.c.o.w.r.InformerRegister     [DEBUG] Found event source for: GroupVersionKind{group='null', version='v1', kind='ConfigMap'}
2024-01-19 10:12:08,384 419 i.c.o.w.r.InformerRegister     [DEBUG] Found event source for: GroupVersionKind{group='null', version='v1', kind='ConfigMap'}
2024-01-19 10:12:08,384 412 i.c.o.w.r.InformerRegister     [DEBUG] Found event source for: GroupVersionKind{group='null', version='v1', kind='ConfigMap'}
2024-01-19 10:12:08,394 406 i.c.o.w.r.InformerRegister     [DEBUG] Found event source for: GroupVersionKind{group='null', version='v1', kind='ConfigMap'}
2024-01-19 10:12:08,550 402 i.c.o.w.r.InformerRegister     [DEBUG] Found event source for: GroupVersionKind{group='null', version='v1', kind='ConfigMap'}
2024-01-19 10:12:08,550 402 i.c.o.w.r.InformerRegister     [DEBUG] Found event source for: GroupVersionKind{group='null', version='v1', kind='ConfigMap'}
2024-01-19 10:12:08,558 417 i.c.o.w.r.InformerRegister     [DEBUG] Found event source for: GroupVersionKind{group='null', version='v1', kind='ConfigMap'}
2024-01-19 10:12:08,558 417 i.c.o.w.r.InformerRegister     [DEBUG] Found event source for: GroupVersionKind{group='null', version='v1', kind='ConfigMap'}
2024-01-19 10:12:08,564 413 i.c.o.w.r.InformerRegister     [DEBUG] Found event source for: GroupVersionKind{group='null', version='v1', kind='ConfigMap'}
2024-01-19 10:12:08,564 413 i.c.o.w.r.InformerRegister     [DEBUG] Found event source for: GroupVersionKind{group='null', version='v1', kind='ConfigMap'}
2024-01-19 10:12:08,572 409 i.c.o.w.r.InformerRegister     [DEBUG] Found event source for: GroupVersionKind{group='null', version='v1', kind='ConfigMap'}
2024-01-19 10:12:08,572 409 i.c.o.w.r.InformerRegister     [DEBUG] Found event source for: GroupVersionKind{group='null', version='v1', kind='ConfigMap'}
2024-01-19 10:12:08,580 416 i.c.o.w.r.InformerRegister     [DEBUG] Found event source for: GroupVersionKind{group='null', version='v1', kind='ConfigMap'}
2024-01-19 10:12:08,580 416 i.c.o.w.r.InformerRegister     [DEBUG] Found event source for: GroupVersionKind{group='null', version='v1', kind='ConfigMap'}
2024-01-19 10:12:08,587 419 i.c.o.w.r.InformerRegister     [DEBUG] Found event source for: GroupVersionKind{group='null', version='v1', kind='ConfigMap'}
2024-01-19 10:12:08,587 419 i.c.o.w.r.InformerRegister     [DEBUG] Found event source for: GroupVersionKind{group='null', version='v1', kind='ConfigMap'}
2024-01-19 10:12:08,596 404 i.c.o.w.r.InformerRegister     [DEBUG] Found event source for: GroupVersionKind{group='null', version='v1', kind='ConfigMap'}
2024-01-19 10:12:08,596 404 i.c.o.w.r.InformerRegister     [DEBUG] Found event source for: GroupVersionKind{group='null', version='v1', kind='ConfigMap'}
2024-01-19 10:12:08,603 407 i.c.o.w.r.InformerRegister     [DEBUG] Found event source for: GroupVersionKind{group='null', version='v1', kind='ConfigMap'}
2024-01-19 10:12:08,603 407 i.c.o.w.r.InformerRegister     [DEBUG] Found event source for: GroupVersionKind{group='null', version='v1', kind='ConfigMap'}
2024-01-19 10:12:08,610 412 i.c.o.w.r.InformerRegister     [DEBUG] Found event source for: GroupVersionKind{group='null', version='v1', kind='ConfigMap'}
2024-01-19 10:12:08,610 412 i.c.o.w.r.InformerRegister     [DEBUG] Found event source for: GroupVersionKind{group='null', version='v1', kind='ConfigMap'}
2024-01-19 10:12:08,618 406 i.c.o.w.r.InformerRegister     [DEBUG] Found event source for: GroupVersionKind{group='null', version='v1', kind='ConfigMap'}
2024-01-19 10:12:08,618 406 i.c.o.w.r.InformerRegister     [DEBUG] Found event source for: GroupVersionKind{group='null', version='v1', kind='ConfigMap'}
2024-01-19 10:12:08,743 1 i.j.o.j.AbstractOperatorExtension [INFO ] Deleting namespace workflowtest-simpleconcurrencytest-ef8e6 and stopping operator
2024-01-19 10:12:08,748 1 i.j.o.j.AbstractOperatorExtension [INFO ] Waiting for namespace workflowtest-simpleconcurrencytest-ef8e6 to be deleted
2024-01-19 10:12:13,867 1 i.j.o.Operator                 [INFO ] Operator SDK 4.7.0-SNAPSHOT is shutting down...
]]></system-out>
  </testcase>
</testsuite>