<?xml version="1.0" encoding="UTF-8"?>
<testsuite xmlns:xsi="http://www.w3.org/2001/XMLSchema-instance" xsi:noNamespaceSchemaLocation="https://maven.apache.org/surefire/maven-surefire-plugin/xsd/surefire-test-report-3.0.xsd" version="3.0" name="io.csviri.operator.workflow.WorkflowOperatorTest" time="78.116" tests="4" errors="0" skipped="0" failures="0">
  <properties>
[...]
</properties>
  <testcase name="smokeTestWorkflowOperator" classname="io.csviri.operator.workflow.WorkflowOperatorTest" time="19.615">
    <system-out><![CDATA[2024-01-19 10:09:51,408 1 i.j.o.j.AbstractOperatorExtension [INFO ] Initializing integration test in namespace workflowoperatortest-smoketestworkflowoperator-076cd
2024-01-19 10:09:55,853 1 Default ConfigurationService implementation [WARN ] Configuration for reconciler 'workflowreconciler' was not found. Known reconcilers: None.
2024-01-19 10:09:55,861 1 Default ConfigurationService implementation [INFO ] Created configuration for reconciler io.csviri.operator.workflow.reconciler.WorkflowReconciler with name workflowreconciler
2024-01-19 10:09:57,966 1 i.j.o.Operator                 [INFO ] Registered reconciler: 'workflowreconciler' for resource: 'class io.csviri.operator.workflow.customresource.workflow.Workflow' for namespace(s): [workflowoperatortest-smoketestworkflowoperator-076cd]
2024-01-19 10:09:57,967 1 Default ConfigurationService implementation [WARN ] Configuration for reconciler 'workflowoperatorreconciler' was not found. Known reconcilers: None.
2024-01-19 10:09:57,967 1 Default ConfigurationService implementation [INFO ] Created configuration for reconciler io.csviri.operator.workflow.reconciler.WorkflowOperatorReconciler with name workflowoperatorreconciler
2024-01-19 10:10:00,036 1 i.j.o.Operator                 [INFO ] Registered reconciler: 'workflowoperatorreconciler' for resource: 'class io.csviri.operator.workflow.customresource.operator.WorkflowOperator' for namespace(s): [workflowoperatortest-smoketestworkflowoperator-076cd]
2024-01-19 10:10:00,037 1 i.j.o.Operator                 [INFO ] Operator SDK 4.7.0-SNAPSHOT (commit: 280e4b5) built on 2024-01-19T10:03:25.000+0100 starting...
2024-01-19 10:10:00,037 1 i.j.o.Operator                 [INFO ] Client version: 6.10.0
2024-01-19 10:10:00,039 38 i.j.o.p.Controller             [INFO ] Starting 'workflowreconciler' controller for reconciler: io.csviri.operator.workflow.reconciler.WorkflowReconciler, resource: io.csviri.operator.workflow.customresource.workflow.Workflow
2024-01-19 10:10:00,039 39 i.j.o.p.Controller             [INFO ] Starting 'workflowoperatorreconciler' controller for reconciler: io.csviri.operator.workflow.reconciler.WorkflowOperatorReconciler, resource: io.csviri.operator.workflow.customresource.operator.WorkflowOperator
2024-01-19 10:10:00,068 41 i.f.k.c.d.i.VersionUsageUtils  [WARN ] The client is using resource type 'workflowoperators' with unstable version 'v1beta1'
2024-01-19 10:10:00,068 40 i.f.k.c.d.i.VersionUsageUtils  [WARN ] The client is using resource type 'workflows' with unstable version 'v1beta1'
2024-01-19 10:10:00,178 38 i.j.o.p.Controller             [INFO ] 'workflowreconciler' controller started
2024-01-19 10:10:00,243 39 i.j.o.p.Controller             [INFO ] 'workflowoperatorreconciler' controller started
2024-01-19 10:10:00,302 53 i.c.o.w.r.WorkflowOperatorReconciler [DEBUG] Reconciling: wo1 in namespace: workflowoperatortest-smoketestworkflowoperator-076cd
2024-01-19 10:10:00,400 59 i.c.o.w.r.WorkflowOperatorReconciler [DEBUG] Reconciling: wo1 in namespace: workflowoperatortest-smoketestworkflowoperator-076cd
2024-01-19 10:10:00,414 61 i.c.o.w.r.InformerRegister     [DEBUG] Adding new event source for: GroupVersionKind{group='io.csviri.operator.workflow', version='v1', kind='TestCustomResource'}
2024-01-19 10:10:00,480 61 i.c.o.w.r.InformerRegister     [DEBUG] Adding new event source for: GroupVersionKind{group='null', version='v1', kind='ConfigMap'}
2024-01-19 10:10:00,480 61 i.j.o.p.d.k.KubernetesDependentResource [WARN ] Using default configuration for GenericKubernetesResource KubernetesDependentResource, call configureWith to provide configuration
2024-01-19 10:10:00,590 61 i.c.o.w.r.InformerRegister     [DEBUG] De-registering Informer on Workflow change for workflow: CustomResource{kind='Workflow', apiVersion='io.csviri.operator.workflow/v1beta1', metadata=ObjectMeta(annotations={workflow-operator-watch-cr/group=io.csviri.operator.workflow, workflow-operator-watch-cr/kind=TestCustomResource, workflow-operator-watch-cr/name=testcr1, workflow-operator-watch-cr/version=v1}, creationTimestamp=2024-01-19T09:10:00Z, deletionGracePeriodSeconds=null, deletionTimestamp=null, finalizers=[workflows.io.csviri.operator.workflow/finalizer], generateName=null, generation=1, labels={foroperator=true}, managedFields=[ManagedFieldsEntry(apiVersion=io.csviri.operator.workflow/v1beta1, fieldsType=FieldsV1, fieldsV1=FieldsV1(additionalProperties={f:metadata={f:annotations={.={}, f:workflow-operator-watch-cr/group={}, f:workflow-operator-watch-cr/kind={}, f:workflow-operator-watch-cr/name={}, f:workflow-operator-watch-cr/version={}}, f:finalizers={.={}, v:"workflows.io.csviri.operator.workflow/finalizer"={}}, f:labels={.={}, f:foroperator={}}, f:ownerReferences={.={}, k:{"uid":"f5e06988-cf55-4bd4-b614-15d57da99071"}={}}}, f:spec={.={}, f:relatedResources={}, f:resources={}}}), manager=fabric8-kubernetes-client, operation=Update, subresource=null, time=2024-01-19T09:10:00Z, additionalProperties={})], name=testcr1-testcustomresource, namespace=workflowoperatortest-smoketestworkflowoperator-076cd, ownerReferences=[OwnerReference(apiVersion=io.csviri.operator.workflow/v1, blockOwnerDeletion=null, controller=null, kind=TestCustomResource, name=testcr1, uid=f5e06988-cf55-4bd4-b614-15d57da99071, additionalProperties={})], resourceVersion=996, selfLink=null, uid=f9870c31-9c74-43af-80f8-fb022b536e5c, additionalProperties={}), spec=WorkflowSpec{resources=[io.csviri.operator.workflow.customresource.workflow.DependentResourceSpec@ebcdad75]}, status=null} gvk: GroupVersionKind{group='io.csviri.operator.workflow', version='v1', kind='TestCustomResource'}
2024-01-19 10:10:00,625 66 i.c.o.w.r.WorkflowOperatorReconciler [DEBUG] Reconciling: wo1 in namespace: workflowoperatortest-smoketestworkflowoperator-076cd
2024-01-19 10:10:00,638 67 i.c.o.w.r.InformerRegister     [DEBUG] Found event source for: GroupVersionKind{group='null', version='v1', kind='ConfigMap'}
2024-01-19 10:10:00,726 1 i.j.o.j.AbstractOperatorExtension [INFO ] Deleting namespace workflowoperatortest-smoketestworkflowoperator-076cd and stopping operator
2024-01-19 10:10:00,735 1 i.j.o.j.AbstractOperatorExtension [INFO ] Waiting for namespace workflowoperatortest-smoketestworkflowoperator-076cd to be deleted
2024-01-19 10:10:11,009 1 i.j.o.Operator                 [INFO ] Operator SDK 4.7.0-SNAPSHOT is shutting down...
]]></system-out>
  </testcase>
  <testcase name="simpleConcurrencyForMultipleOperatorTest" classname="io.csviri.operator.workflow.WorkflowOperatorTest" time="20.221">
    <system-out><![CDATA[2024-01-19 10:10:11,042 1 i.j.o.j.AbstractOperatorExtension [INFO ] Initializing integration test in namespace workflowoperatortest-simpleconcurrencyformultipleoperator-86a35
2024-01-19 10:10:15,159 1 Default ConfigurationService implementation [WARN ] Configuration for reconciler 'workflowreconciler' was not found. Known reconcilers: None.
2024-01-19 10:10:15,160 1 Default ConfigurationService implementation [INFO ] Created configuration for reconciler io.csviri.operator.workflow.reconciler.WorkflowReconciler with name workflowreconciler
2024-01-19 10:10:17,198 1 i.j.o.Operator                 [INFO ] Registered reconciler: 'workflowreconciler' for resource: 'class io.csviri.operator.workflow.customresource.workflow.Workflow' for namespace(s): [workflowoperatortest-simpleconcurrencyformultipleoperator-86a35]
2024-01-19 10:10:17,199 1 Default ConfigurationService implementation [WARN ] Configuration for reconciler 'workflowoperatorreconciler' was not found. Known reconcilers: None.
2024-01-19 10:10:17,199 1 Default ConfigurationService implementation [INFO ] Created configuration for reconciler io.csviri.operator.workflow.reconciler.WorkflowOperatorReconciler with name workflowoperatorreconciler
2024-01-19 10:10:19,238 1 i.j.o.Operator                 [INFO ] Registered reconciler: 'workflowoperatorreconciler' for resource: 'class io.csviri.operator.workflow.customresource.operator.WorkflowOperator' for namespace(s): [workflowoperatortest-simpleconcurrencyformultipleoperator-86a35]
2024-01-19 10:10:19,239 1 i.j.o.Operator                 [INFO ] Operator SDK 4.7.0-SNAPSHOT (commit: 280e4b5) built on 2024-01-19T10:03:25.000+0100 starting...
2024-01-19 10:10:19,239 1 i.j.o.Operator                 [INFO ] Client version: 6.10.0
2024-01-19 10:10:19,239 81 i.j.o.p.Controller             [INFO ] Starting 'workflowreconciler' controller for reconciler: io.csviri.operator.workflow.reconciler.WorkflowReconciler, resource: io.csviri.operator.workflow.customresource.workflow.Workflow
2024-01-19 10:10:19,239 82 i.j.o.p.Controller             [INFO ] Starting 'workflowoperatorreconciler' controller for reconciler: io.csviri.operator.workflow.reconciler.WorkflowOperatorReconciler, resource: io.csviri.operator.workflow.customresource.operator.WorkflowOperator
2024-01-19 10:10:19,275 81 i.j.o.p.Controller             [INFO ] 'workflowreconciler' controller started
2024-01-19 10:10:19,359 82 i.j.o.p.Controller             [INFO ] 'workflowoperatorreconciler' controller started
2024-01-19 10:10:19,393 99 i.c.o.w.r.WorkflowOperatorReconciler [DEBUG] Reconciling: wo in namespace: workflowoperatortest-simpleconcurrencyformultipleoperator-86a35
2024-01-19 10:10:19,400 100 i.c.o.w.r.WorkflowOperatorReconciler [DEBUG] Reconciling: wo2 in namespace: workflowoperatortest-simpleconcurrencyformultipleoperator-86a35
2024-01-19 10:10:19,449 103 i.c.o.w.r.WorkflowOperatorReconciler [DEBUG] Reconciling: wo2 in namespace: workflowoperatortest-simpleconcurrencyformultipleoperator-86a35
2024-01-19 10:10:19,461 107 i.c.o.w.r.WorkflowOperatorReconciler [DEBUG] Reconciling: wo2 in namespace: workflowoperatortest-simpleconcurrencyformultipleoperator-86a35
2024-01-19 10:10:19,472 113 i.c.o.w.r.InformerRegister     [DEBUG] Adding new event source for: GroupVersionKind{group='io.csviri.operator.workflow', version='v1', kind='TestCustomResource2'}
2024-01-19 10:10:19,474 107 i.c.o.w.r.WorkflowOperatorReconciler [DEBUG] Reconciling: wo2 in namespace: workflowoperatortest-simpleconcurrencyformultipleoperator-86a35
2024-01-19 10:10:19,478 100 i.c.o.w.r.InformerRegister     [DEBUG] Adding new event source for: GroupVersionKind{group='io.csviri.operator.workflow', version='v1', kind='TestCustomResource'}
2024-01-19 10:10:19,483 99 i.c.o.w.r.WorkflowOperatorReconciler [DEBUG] Reconciling: wo in namespace: workflowoperatortest-simpleconcurrencyformultipleoperator-86a35
2024-01-19 10:10:19,492 111 i.c.o.w.r.InformerRegister     [DEBUG] Found event source for: GroupVersionKind{group='io.csviri.operator.workflow', version='v1', kind='TestCustomResource'}
2024-01-19 10:10:19,493 111 i.c.o.w.r.InformerRegister     [DEBUG] Adding new event source for: GroupVersionKind{group='null', version='v1', kind='ConfigMap'}
2024-01-19 10:10:19,493 111 i.j.o.p.d.k.KubernetesDependentResource [WARN ] Using default configuration for GenericKubernetesResource KubernetesDependentResource, call configureWith to provide configuration
2024-01-19 10:10:19,493 103 i.c.o.w.r.InformerRegister     [DEBUG] Found event source for: GroupVersionKind{group='io.csviri.operator.workflow', version='v1', kind='TestCustomResource2'}
2024-01-19 10:10:19,494 103 i.c.o.w.r.InformerRegister     [DEBUG] Found event source for: GroupVersionKind{group='null', version='v1', kind='ConfigMap'}
2024-01-19 10:10:19,501 108 i.c.o.w.r.InformerRegister     [DEBUG] Found event source for: GroupVersionKind{group='io.csviri.operator.workflow', version='v1', kind='TestCustomResource'}
2024-01-19 10:10:19,502 97 i.c.o.w.r.WorkflowOperatorReconciler [DEBUG] Reconciling: wo2 in namespace: workflowoperatortest-simpleconcurrencyformultipleoperator-86a35
2024-01-19 10:10:19,506 95 i.c.o.w.r.InformerRegister     [DEBUG] Found event source for: GroupVersionKind{group='io.csviri.operator.workflow', version='v1', kind='TestCustomResource2'}
2024-01-19 10:10:19,506 95 i.c.o.w.r.InformerRegister     [DEBUG] Found event source for: GroupVersionKind{group='null', version='v1', kind='ConfigMap'}
2024-01-19 10:10:19,507 100 i.c.o.w.r.InformerRegister     [DEBUG] Found event source for: GroupVersionKind{group='null', version='v1', kind='ConfigMap'}
2024-01-19 10:10:19,507 108 i.c.o.w.r.InformerRegister     [DEBUG] Found event source for: GroupVersionKind{group='null', version='v1', kind='ConfigMap'}
2024-01-19 10:10:19,515 107 i.c.o.w.r.InformerRegister     [DEBUG] Found event source for: GroupVersionKind{group='io.csviri.operator.workflow', version='v1', kind='TestCustomResource'}
2024-01-19 10:10:19,515 107 i.c.o.w.r.InformerRegister     [DEBUG] Found event source for: GroupVersionKind{group='null', version='v1', kind='ConfigMap'}
2024-01-19 10:10:19,520 103 i.c.o.w.r.InformerRegister     [DEBUG] De-registering Informer on Workflow change for workflow: CustomResource{kind='Workflow', apiVersion='io.csviri.operator.workflow/v1beta1', metadata=ObjectMeta(annotations={workflow-operator-watch-cr/group=io.csviri.operator.workflow, workflow-operator-watch-cr/kind=TestCustomResource2, workflow-operator-watch-cr/name=testcr21, workflow-operator-watch-cr/version=v1}, creationTimestamp=2024-01-19T09:10:19Z, deletionGracePeriodSeconds=null, deletionTimestamp=null, finalizers=[workflows.io.csviri.operator.workflow/finalizer], generateName=null, generation=1, labels={foroperator=true}, managedFields=[ManagedFieldsEntry(apiVersion=io.csviri.operator.workflow/v1beta1, fieldsType=FieldsV1, fieldsV1=FieldsV1(additionalProperties={f:metadata={f:annotations={.={}, f:workflow-operator-watch-cr/group={}, f:workflow-operator-watch-cr/kind={}, f:workflow-operator-watch-cr/name={}, f:workflow-operator-watch-cr/version={}}, f:finalizers={.={}, v:"workflows.io.csviri.operator.workflow/finalizer"={}}, f:labels={.={}, f:foroperator={}}, f:ownerReferences={.={}, k:{"uid":"bae97028-0fcf-49a1-b60d-44d24819d5a4"}={}}}, f:spec={.={}, f:relatedResources={}, f:resources={}}}), manager=fabric8-kubernetes-client, operation=Update, subresource=null, time=2024-01-19T09:10:19Z, additionalProperties={})], name=testcr21-testcustomresource2, namespace=workflowoperatortest-simpleconcurrencyformultipleoperator-86a35, ownerReferences=[OwnerReference(apiVersion=io.csviri.operator.workflow/v1, blockOwnerDeletion=null, controller=null, kind=TestCustomResource2, name=testcr21, uid=bae97028-0fcf-49a1-b60d-44d24819d5a4, additionalProperties={})], resourceVersion=1057, selfLink=null, uid=cc63c4ae-4acf-4bc1-839c-b1df805b40b8, additionalProperties={}), spec=WorkflowSpec{resources=[io.csviri.operator.workflow.customresource.workflow.DependentResourceSpec@69bf6509]}, status=null} gvk: GroupVersionKind{group='io.csviri.operator.workflow', version='v1', kind='TestCustomResource2'}
2024-01-19 10:10:19,524 115 i.c.o.w.r.InformerRegister     [DEBUG] Found event source for: GroupVersionKind{group='io.csviri.operator.workflow', version='v1', kind='TestCustomResource2'}
2024-01-19 10:10:19,525 115 i.c.o.w.r.InformerRegister     [DEBUG] Found event source for: GroupVersionKind{group='null', version='v1', kind='ConfigMap'}
2024-01-19 10:10:19,528 100 i.c.o.w.r.InformerRegister     [DEBUG] De-registering Informer on Workflow change for workflow: CustomResource{kind='Workflow', apiVersion='io.csviri.operator.workflow/v1beta1', metadata=ObjectMeta(annotations={workflow-operator-watch-cr/group=io.csviri.operator.workflow, workflow-operator-watch-cr/kind=TestCustomResource, workflow-operator-watch-cr/name=testcr2, workflow-operator-watch-cr/version=v1}, creationTimestamp=2024-01-19T09:10:19Z, deletionGracePeriodSeconds=null, deletionTimestamp=null, finalizers=[workflows.io.csviri.operator.workflow/finalizer], generateName=null, generation=1, labels={foroperator=true}, managedFields=[ManagedFieldsEntry(apiVersion=io.csviri.operator.workflow/v1beta1, fieldsType=FieldsV1, fieldsV1=FieldsV1(additionalProperties={f:metadata={f:annotations={.={}, f:workflow-operator-watch-cr/group={}, f:workflow-operator-watch-cr/kind={}, f:workflow-operator-watch-cr/name={}, f:workflow-operator-watch-cr/version={}}, f:finalizers={.={}, v:"workflows.io.csviri.operator.workflow/finalizer"={}}, f:labels={.={}, f:foroperator={}}, f:ownerReferences={.={}, k:{"uid":"6f8eab1d-b3b7-4a00-9aad-27f81a3c4650"}={}}}, f:spec={.={}, f:relatedResources={}, f:resources={}}}), manager=fabric8-kubernetes-client, operation=Update, subresource=null, time=2024-01-19T09:10:19Z, additionalProperties={})], name=testcr2-testcustomresource, namespace=workflowoperatortest-simpleconcurrencyformultipleoperator-86a35, ownerReferences=[OwnerReference(apiVersion=io.csviri.operator.workflow/v1, blockOwnerDeletion=null, controller=null, kind=TestCustomResource, name=testcr2, uid=6f8eab1d-b3b7-4a00-9aad-27f81a3c4650, additionalProperties={})], resourceVersion=1052, selfLink=null, uid=07376faf-839b-4ad0-986e-2dc117dd4b0d, additionalProperties={}), spec=WorkflowSpec{resources=[io.csviri.operator.workflow.customresource.workflow.DependentResourceSpec@69bf6509]}, status=null} gvk: GroupVersionKind{group='io.csviri.operator.workflow', version='v1', kind='TestCustomResource'}
2024-01-19 10:10:19,531 95 i.c.o.w.r.InformerRegister     [DEBUG] De-registering Informer on Workflow change for workflow: CustomResource{kind='Workflow', apiVersion='io.csviri.operator.workflow/v1beta1', metadata=ObjectMeta(annotations={workflow-operator-watch-cr/group=io.csviri.operator.workflow, workflow-operator-watch-cr/kind=TestCustomResource2, workflow-operator-watch-cr/name=testcr23, workflow-operator-watch-cr/version=v1}, creationTimestamp=2024-01-19T09:10:19Z, deletionGracePeriodSeconds=null, deletionTimestamp=null, finalizers=[workflows.io.csviri.operator.workflow/finalizer], generateName=null, generation=1, labels={foroperator=true}, managedFields=[ManagedFieldsEntry(apiVersion=io.csviri.operator.workflow/v1beta1, fieldsType=FieldsV1, fieldsV1=FieldsV1(additionalProperties={f:metadata={f:annotations={.={}, f:workflow-operator-watch-cr/group={}, f:workflow-operator-watch-cr/kind={}, f:workflow-operator-watch-cr/name={}, f:workflow-operator-watch-cr/version={}}, f:finalizers={.={}, v:"workflows.io.csviri.operator.workflow/finalizer"={}}, f:labels={.={}, f:foroperator={}}, f:ownerReferences={.={}, k:{"uid":"8ac02704-a9d5-43eb-a2b8-1744659c390e"}={}}}, f:spec={.={}, f:relatedResources={}, f:resources={}}}), manager=fabric8-kubernetes-client, operation=Update, subresource=null, time=2024-01-19T09:10:19Z, additionalProperties={})], name=testcr23-testcustomresource2, namespace=workflowoperatortest-simpleconcurrencyformultipleoperator-86a35, ownerReferences=[OwnerReference(apiVersion=io.csviri.operator.workflow/v1, blockOwnerDeletion=null, controller=null, kind=TestCustomResource2, name=testcr23, uid=8ac02704-a9d5-43eb-a2b8-1744659c390e, additionalProperties={})], resourceVersion=1063, selfLink=null, uid=1bae5521-853f-4201-9ea4-b6833034b861, additionalProperties={}), spec=WorkflowSpec{resources=[io.csviri.operator.workflow.customresource.workflow.DependentResourceSpec@69bf6509]}, status=null} gvk: GroupVersionKind{group='io.csviri.operator.workflow', version='v1', kind='TestCustomResource2'}
2024-01-19 10:10:19,532 108 i.c.o.w.r.InformerRegister     [DEBUG] De-registering Informer on Workflow change for workflow: CustomResource{kind='Workflow', apiVersion='io.csviri.operator.workflow/v1beta1', metadata=ObjectMeta(annotations={workflow-operator-watch-cr/group=io.csviri.operator.workflow, workflow-operator-watch-cr/kind=TestCustomResource, workflow-operator-watch-cr/name=testcr1, workflow-operator-watch-cr/version=v1}, creationTimestamp=2024-01-19T09:10:19Z, deletionGracePeriodSeconds=null, deletionTimestamp=null, finalizers=[workflows.io.csviri.operator.workflow/finalizer], generateName=null, generation=1, labels={foroperator=true}, managedFields=[ManagedFieldsEntry(apiVersion=io.csviri.operator.workflow/v1beta1, fieldsType=FieldsV1, fieldsV1=FieldsV1(additionalProperties={f:metadata={f:annotations={.={}, f:workflow-operator-watch-cr/group={}, f:workflow-operator-watch-cr/kind={}, f:workflow-operator-watch-cr/name={}, f:workflow-operator-watch-cr/version={}}, f:finalizers={.={}, v:"workflows.io.csviri.operator.workflow/finalizer"={}}, f:labels={.={}, f:foroperator={}}, f:ownerReferences={.={}, k:{"uid":"f99d9648-34e6-4cc3-8815-3c86dcefabac"}={}}}, f:spec={.={}, f:relatedResources={}, f:resources={}}}), manager=fabric8-kubernetes-client, operation=Update, subresource=null, time=2024-01-19T09:10:19Z, additionalProperties={})], name=testcr1-testcustomresource, namespace=workflowoperatortest-simpleconcurrencyformultipleoperator-86a35, ownerReferences=[OwnerReference(apiVersion=io.csviri.operator.workflow/v1, blockOwnerDeletion=null, controller=null, kind=TestCustomResource, name=testcr1, uid=f99d9648-34e6-4cc3-8815-3c86dcefabac, additionalProperties={})], resourceVersion=1060, selfLink=null, uid=a5a8e284-33fe-4419-9541-6ff23cf7cd8f, additionalProperties={}), spec=WorkflowSpec{resources=[io.csviri.operator.workflow.customresource.workflow.DependentResourceSpec@69bf6509]}, status=null} gvk: GroupVersionKind{group='io.csviri.operator.workflow', version='v1', kind='TestCustomResource'}
2024-01-19 10:10:19,532 113 i.c.o.w.r.InformerRegister     [DEBUG] Found event source for: GroupVersionKind{group='null', version='v1', kind='ConfigMap'}
2024-01-19 10:10:19,536 95 i.c.o.w.r.InformerRegister     [DEBUG] Found event source for: GroupVersionKind{group='io.csviri.operator.workflow', version='v1', kind='TestCustomResource'}
2024-01-19 10:10:19,537 95 i.c.o.w.r.InformerRegister     [DEBUG] Found event source for: GroupVersionKind{group='null', version='v1', kind='ConfigMap'}
2024-01-19 10:10:19,542 107 i.c.o.w.r.InformerRegister     [DEBUG] De-registering Informer on Workflow change for workflow: CustomResource{kind='Workflow', apiVersion='io.csviri.operator.workflow/v1beta1', metadata=ObjectMeta(annotations={workflow-operator-watch-cr/group=io.csviri.operator.workflow, workflow-operator-watch-cr/kind=TestCustomResource, workflow-operator-watch-cr/name=testcr8, workflow-operator-watch-cr/version=v1}, creationTimestamp=2024-01-19T09:10:19Z, deletionGracePeriodSeconds=null, deletionTimestamp=null, finalizers=[workflows.io.csviri.operator.workflow/finalizer], generateName=null, generation=1, labels={foroperator=true}, managedFields=[ManagedFieldsEntry(apiVersion=io.csviri.operator.workflow/v1beta1, fieldsType=FieldsV1, fieldsV1=FieldsV1(additionalProperties={f:metadata={f:annotations={.={}, f:workflow-operator-watch-cr/group={}, f:workflow-operator-watch-cr/kind={}, f:workflow-operator-watch-cr/name={}, f:workflow-operator-watch-cr/version={}}, f:finalizers={.={}, v:"workflows.io.csviri.operator.workflow/finalizer"={}}, f:labels={.={}, f:foroperator={}}, f:ownerReferences={.={}, k:{"uid":"348301cf-1242-41fd-916b-200e1afe2a34"}={}}}, f:spec={.={}, f:relatedResources={}, f:resources={}}}), manager=fabric8-kubernetes-client, operation=Update, subresource=null, time=2024-01-19T09:10:19Z, additionalProperties={})], name=testcr8-testcustomresource, namespace=workflowoperatortest-simpleconcurrencyformultipleoperator-86a35, ownerReferences=[OwnerReference(apiVersion=io.csviri.operator.workflow/v1, blockOwnerDeletion=null, controller=null, kind=TestCustomResource, name=testcr8, uid=348301cf-1242-41fd-916b-200e1afe2a34, additionalProperties={})], resourceVersion=1065, selfLink=null, uid=ec7bad8a-7288-4ba7-8c06-ba339b1f8afd, additionalProperties={}), spec=WorkflowSpec{resources=[io.csviri.operator.workflow.customresource.workflow.DependentResourceSpec@69bf6509]}, status=null} gvk: GroupVersionKind{group='io.csviri.operator.workflow', version='v1', kind='TestCustomResource'}
2024-01-19 10:10:19,543 107 i.c.o.w.r.InformerRegister     [DEBUG] Found event source for: GroupVersionKind{group='io.csviri.operator.workflow', version='v1', kind='TestCustomResource'}
2024-01-19 10:10:19,543 107 i.c.o.w.r.InformerRegister     [DEBUG] Found event source for: GroupVersionKind{group='null', version='v1', kind='ConfigMap'}
2024-01-19 10:10:19,543 111 i.c.o.w.r.InformerRegister     [DEBUG] De-registering Informer on Workflow change for workflow: CustomResource{kind='Workflow', apiVersion='io.csviri.operator.workflow/v1beta1', metadata=ObjectMeta(annotations={workflow-operator-watch-cr/group=io.csviri.operator.workflow, workflow-operator-watch-cr/kind=TestCustomResource, workflow-operator-watch-cr/name=testcr0, workflow-operator-watch-cr/version=v1}, creationTimestamp=2024-01-19T09:10:19Z, deletionGracePeriodSeconds=null, deletionTimestamp=null, finalizers=[workflows.io.csviri.operator.workflow/finalizer], generateName=null, generation=1, labels={foroperator=true}, managedFields=[ManagedFieldsEntry(apiVersion=io.csviri.operator.workflow/v1beta1, fieldsType=FieldsV1, fieldsV1=FieldsV1(additionalProperties={f:metadata={f:annotations={.={}, f:workflow-operator-watch-cr/group={}, f:workflow-operator-watch-cr/kind={}, f:workflow-operator-watch-cr/name={}, f:workflow-operator-watch-cr/version={}}, f:finalizers={.={}, v:"workflows.io.csviri.operator.workflow/finalizer"={}}, f:labels={.={}, f:foroperator={}}, f:ownerReferences={.={}, k:{"uid":"f0b94f94-ec53-4de6-8611-42a16a1a4107"}={}}}, f:spec={.={}, f:relatedResources={}, f:resources={}}}), manager=fabric8-kubernetes-client, operation=Update, subresource=null, time=2024-01-19T09:10:19Z, additionalProperties={})], name=testcr0-testcustomresource, namespace=workflowoperatortest-simpleconcurrencyformultipleoperator-86a35, ownerReferences=[OwnerReference(apiVersion=io.csviri.operator.workflow/v1, blockOwnerDeletion=null, controller=null, kind=TestCustomResource, name=testcr0, uid=f0b94f94-ec53-4de6-8611-42a16a1a4107, additionalProperties={})], resourceVersion=1056, selfLink=null, uid=4950eefc-6c75-4ba3-83d1-960c3ed86e0a, additionalProperties={}), spec=WorkflowSpec{resources=[io.csviri.operator.workflow.customresource.workflow.DependentResourceSpec@69bf6509]}, status=null} gvk: GroupVersionKind{group='io.csviri.operator.workflow', version='v1', kind='TestCustomResource'}
2024-01-19 10:10:19,548 115 i.c.o.w.r.InformerRegister     [DEBUG] De-registering Informer on Workflow change for workflow: CustomResource{kind='Workflow', apiVersion='io.csviri.operator.workflow/v1beta1', metadata=ObjectMeta(annotations={workflow-operator-watch-cr/group=io.csviri.operator.workflow, workflow-operator-watch-cr/kind=TestCustomResource2, workflow-operator-watch-cr/name=testcr22, workflow-operator-watch-cr/version=v1}, creationTimestamp=2024-01-19T09:10:19Z, deletionGracePeriodSeconds=null, deletionTimestamp=null, finalizers=[workflows.io.csviri.operator.workflow/finalizer], generateName=null, generation=1, labels={foroperator=true}, managedFields=[ManagedFieldsEntry(apiVersion=io.csviri.operator.workflow/v1beta1, fieldsType=FieldsV1, fieldsV1=FieldsV1(additionalProperties={f:metadata={f:annotations={.={}, f:workflow-operator-watch-cr/group={}, f:workflow-operator-watch-cr/kind={}, f:workflow-operator-watch-cr/name={}, f:workflow-operator-watch-cr/version={}}, f:finalizers={.={}, v:"workflows.io.csviri.operator.workflow/finalizer"={}}, f:labels={.={}, f:foroperator={}}, f:ownerReferences={.={}, k:{"uid":"065b4337-3149-4acb-ae3e-259c35bcd7db"}={}}}, f:spec={.={}, f:relatedResources={}, f:resources={}}}), manager=fabric8-kubernetes-client, operation=Update, subresource=null, time=2024-01-19T09:10:19Z, additionalProperties={})], name=testcr22-testcustomresource2, namespace=workflowoperatortest-simpleconcurrencyformultipleoperator-86a35, ownerReferences=[OwnerReference(apiVersion=io.csviri.operator.workflow/v1, blockOwnerDeletion=null, controller=null, kind=TestCustomResource2, name=testcr22, uid=065b4337-3149-4acb-ae3e-259c35bcd7db, additionalProperties={})], resourceVersion=1068, selfLink=null, uid=5bbe5a85-330e-4b1f-aa80-4ad0c44d124e, additionalProperties={}), spec=WorkflowSpec{resources=[io.csviri.operator.workflow.customresource.workflow.DependentResourceSpec@69bf6509]}, status=null} gvk: GroupVersionKind{group='io.csviri.operator.workflow', version='v1', kind='TestCustomResource2'}
2024-01-19 10:10:19,549 100 i.c.o.w.r.WorkflowOperatorReconciler [DEBUG] Reconciling: wo2 in namespace: workflowoperatortest-simpleconcurrencyformultipleoperator-86a35
2024-01-19 10:10:19,549 108 i.c.o.w.r.InformerRegister     [DEBUG] Found event source for: GroupVersionKind{group='io.csviri.operator.workflow', version='v1', kind='TestCustomResource2'}
2024-01-19 10:10:19,549 108 i.c.o.w.r.InformerRegister     [DEBUG] Found event source for: GroupVersionKind{group='null', version='v1', kind='ConfigMap'}
2024-01-19 10:10:19,553 103 i.c.o.w.r.InformerRegister     [DEBUG] Found event source for: GroupVersionKind{group='io.csviri.operator.workflow', version='v1', kind='TestCustomResource'}
2024-01-19 10:10:19,554 103 i.c.o.w.r.InformerRegister     [DEBUG] Found event source for: GroupVersionKind{group='null', version='v1', kind='ConfigMap'}
2024-01-19 10:10:19,556 113 i.c.o.w.r.InformerRegister     [DEBUG] De-registering Informer on Workflow change for workflow: CustomResource{kind='Workflow', apiVersion='io.csviri.operator.workflow/v1beta1', metadata=ObjectMeta(annotations={workflow-operator-watch-cr/group=io.csviri.operator.workflow, workflow-operator-watch-cr/kind=TestCustomResource2, workflow-operator-watch-cr/name=testcr20, workflow-operator-watch-cr/version=v1}, creationTimestamp=2024-01-19T09:10:19Z, deletionGracePeriodSeconds=null, deletionTimestamp=null, finalizers=[workflows.io.csviri.operator.workflow/finalizer], generateName=null, generation=1, labels={foroperator=true}, managedFields=[ManagedFieldsEntry(apiVersion=io.csviri.operator.workflow/v1beta1, fieldsType=FieldsV1, fieldsV1=FieldsV1(additionalProperties={f:metadata={f:annotations={.={}, f:workflow-operator-watch-cr/group={}, f:workflow-operator-watch-cr/kind={}, f:workflow-operator-watch-cr/name={}, f:workflow-operator-watch-cr/version={}}, f:finalizers={.={}, v:"workflows.io.csviri.operator.workflow/finalizer"={}}, f:labels={.={}, f:foroperator={}}, f:ownerReferences={.={}, k:{"uid":"65a56fb1-9265-4678-b86d-c1f2e0133dca"}={}}}, f:spec={.={}, f:relatedResources={}, f:resources={}}}), manager=fabric8-kubernetes-client, operation=Update, subresource=null, time=2024-01-19T09:10:19Z, additionalProperties={})], name=testcr20-testcustomresource2, namespace=workflowoperatortest-simpleconcurrencyformultipleoperator-86a35, ownerReferences=[OwnerReference(apiVersion=io.csviri.operator.workflow/v1, blockOwnerDeletion=null, controller=null, kind=TestCustomResource2, name=testcr20, uid=65a56fb1-9265-4678-b86d-c1f2e0133dca, additionalProperties={})], resourceVersion=1048, selfLink=null, uid=b0627893-a7b2-4544-8680-cc1a59a62543, additionalProperties={}), spec=WorkflowSpec{resources=[io.csviri.operator.workflow.customresource.workflow.DependentResourceSpec@69bf6509]}, status=null} gvk: GroupVersionKind{group='io.csviri.operator.workflow', version='v1', kind='TestCustomResource2'}
2024-01-19 10:10:19,557 95 i.c.o.w.r.InformerRegister     [DEBUG] De-registering Informer on Workflow change for workflow: CustomResource{kind='Workflow', apiVersion='io.csviri.operator.workflow/v1beta1', metadata=ObjectMeta(annotations={workflow-operator-watch-cr/group=io.csviri.operator.workflow, workflow-operator-watch-cr/kind=TestCustomResource, workflow-operator-watch-cr/name=testcr9, workflow-operator-watch-cr/version=v1}, creationTimestamp=2024-01-19T09:10:19Z, deletionGracePeriodSeconds=null, deletionTimestamp=null, finalizers=[workflows.io.csviri.operator.workflow/finalizer], generateName=null, generation=1, labels={foroperator=true}, managedFields=[ManagedFieldsEntry(apiVersion=io.csviri.operator.workflow/v1beta1, fieldsType=FieldsV1, fieldsV1=FieldsV1(additionalProperties={f:metadata={f:annotations={.={}, f:workflow-operator-watch-cr/group={}, f:workflow-operator-watch-cr/kind={}, f:workflow-operator-watch-cr/name={}, f:workflow-operator-watch-cr/version={}}, f:finalizers={.={}, v:"workflows.io.csviri.operator.workflow/finalizer"={}}, f:labels={.={}, f:foroperator={}}, f:ownerReferences={.={}, k:{"uid":"6e95eecd-504b-4821-90fb-9a650fe0bd04"}={}}}, f:spec={.={}, f:relatedResources={}, f:resources={}}}), manager=fabric8-kubernetes-client, operation=Update, subresource=null, time=2024-01-19T09:10:19Z, additionalProperties={})], name=testcr9-testcustomresource, namespace=workflowoperatortest-simpleconcurrencyformultipleoperator-86a35, ownerReferences=[OwnerReference(apiVersion=io.csviri.operator.workflow/v1, blockOwnerDeletion=null, controller=null, kind=TestCustomResource, name=testcr9, uid=6e95eecd-504b-4821-90fb-9a650fe0bd04, additionalProperties={})], resourceVersion=1072, selfLink=null, uid=a3d02f62-5e68-4528-aaa9-87bf9de68829, additionalProperties={}), spec=WorkflowSpec{resources=[io.csviri.operator.workflow.customresource.workflow.DependentResourceSpec@69bf6509]}, status=null} gvk: GroupVersionKind{group='io.csviri.operator.workflow', version='v1', kind='TestCustomResource'}
2024-01-19 10:10:19,558 111 i.c.o.w.r.InformerRegister     [DEBUG] Found event source for: GroupVersionKind{group='io.csviri.operator.workflow', version='v1', kind='TestCustomResource2'}
2024-01-19 10:10:19,558 113 i.c.o.w.r.InformerRegister     [DEBUG] Found event source for: GroupVersionKind{group='io.csviri.operator.workflow', version='v1', kind='TestCustomResource'}
2024-01-19 10:10:19,558 113 i.c.o.w.r.InformerRegister     [DEBUG] Found event source for: GroupVersionKind{group='null', version='v1', kind='ConfigMap'}
2024-01-19 10:10:19,558 111 i.c.o.w.r.InformerRegister     [DEBUG] Found event source for: GroupVersionKind{group='null', version='v1', kind='ConfigMap'}
2024-01-19 10:10:19,567 108 i.c.o.w.r.InformerRegister     [DEBUG] De-registering Informer on Workflow change for workflow: CustomResource{kind='Workflow', apiVersion='io.csviri.operator.workflow/v1beta1', metadata=ObjectMeta(annotations={workflow-operator-watch-cr/group=io.csviri.operator.workflow, workflow-operator-watch-cr/kind=TestCustomResource2, workflow-operator-watch-cr/name=testcr25, workflow-operator-watch-cr/version=v1}, creationTimestamp=2024-01-19T09:10:19Z, deletionGracePeriodSeconds=null, deletionTimestamp=null, finalizers=[workflows.io.csviri.operator.workflow/finalizer], generateName=null, generation=1, labels={foroperator=true}, managedFields=[ManagedFieldsEntry(apiVersion=io.csviri.operator.workflow/v1beta1, fieldsType=FieldsV1, fieldsV1=FieldsV1(additionalProperties={f:metadata={f:annotations={.={}, f:workflow-operator-watch-cr/group={}, f:workflow-operator-watch-cr/kind={}, f:workflow-operator-watch-cr/name={}, f:workflow-operator-watch-cr/version={}}, f:finalizers={.={}, v:"workflows.io.csviri.operator.workflow/finalizer"={}}, f:labels={.={}, f:foroperator={}}, f:ownerReferences={.={}, k:{"uid":"6a291105-4b50-4870-85eb-257d5d48f76b"}={}}}, f:spec={.={}, f:relatedResources={}, f:resources={}}}), manager=fabric8-kubernetes-client, operation=Update, subresource=null, time=2024-01-19T09:10:19Z, additionalProperties={})], name=testcr25-testcustomresource2, namespace=workflowoperatortest-simpleconcurrencyformultipleoperator-86a35, ownerReferences=[OwnerReference(apiVersion=io.csviri.operator.workflow/v1, blockOwnerDeletion=null, controller=null, kind=TestCustomResource2, name=testcr25, uid=6a291105-4b50-4870-85eb-257d5d48f76b, additionalProperties={})], resourceVersion=1084, selfLink=null, uid=ec1030cd-4df1-443f-9e8f-315ae7686725, additionalProperties={}), spec=WorkflowSpec{resources=[io.csviri.operator.workflow.customresource.workflow.DependentResourceSpec@69bf6509]}, status=null} gvk: GroupVersionKind{group='io.csviri.operator.workflow', version='v1', kind='TestCustomResource2'}
2024-01-19 10:10:19,569 108 i.c.o.w.r.InformerRegister     [DEBUG] Found event source for: GroupVersionKind{group='io.csviri.operator.workflow', version='v1', kind='TestCustomResource2'}
2024-01-19 10:10:19,570 108 i.c.o.w.r.InformerRegister     [DEBUG] Found event source for: GroupVersionKind{group='null', version='v1', kind='ConfigMap'}
2024-01-19 10:10:19,571 107 i.c.o.w.r.InformerRegister     [DEBUG] De-registering Informer on Workflow change for workflow: CustomResource{kind='Workflow', apiVersion='io.csviri.operator.workflow/v1beta1', metadata=ObjectMeta(annotations={workflow-operator-watch-cr/group=io.csviri.operator.workflow, workflow-operator-watch-cr/kind=TestCustomResource, workflow-operator-watch-cr/name=testcr6, workflow-operator-watch-cr/version=v1}, creationTimestamp=2024-01-19T09:10:19Z, deletionGracePeriodSeconds=null, deletionTimestamp=null, finalizers=[workflows.io.csviri.operator.workflow/finalizer], generateName=null, generation=1, labels={foroperator=true}, managedFields=[ManagedFieldsEntry(apiVersion=io.csviri.operator.workflow/v1beta1, fieldsType=FieldsV1, fieldsV1=FieldsV1(additionalProperties={f:metadata={f:annotations={.={}, f:workflow-operator-watch-cr/group={}, f:workflow-operator-watch-cr/kind={}, f:workflow-operator-watch-cr/name={}, f:workflow-operator-watch-cr/version={}}, f:finalizers={.={}, v:"workflows.io.csviri.operator.workflow/finalizer"={}}, f:labels={.={}, f:foroperator={}}, f:ownerReferences={.={}, k:{"uid":"b013b34c-bfcf-4b08-ade0-894ad4c6c22e"}={}}}, f:spec={.={}, f:relatedResources={}, f:resources={}}}), manager=fabric8-kubernetes-client, operation=Update, subresource=null, time=2024-01-19T09:10:19Z, additionalProperties={})], name=testcr6-testcustomresource, namespace=workflowoperatortest-simpleconcurrencyformultipleoperator-86a35, ownerReferences=[OwnerReference(apiVersion=io.csviri.operator.workflow/v1, blockOwnerDeletion=null, controller=null, kind=TestCustomResource, name=testcr6, uid=b013b34c-bfcf-4b08-ade0-894ad4c6c22e, additionalProperties={})], resourceVersion=1079, selfLink=null, uid=d1d9037e-e7b4-4815-a0cc-2c0d7c9975fe, additionalProperties={}), spec=WorkflowSpec{resources=[io.csviri.operator.workflow.customresource.workflow.DependentResourceSpec@69bf6509]}, status=null} gvk: GroupVersionKind{group='io.csviri.operator.workflow', version='v1', kind='TestCustomResource'}
2024-01-19 10:10:19,574 97 i.c.o.w.r.InformerRegister     [DEBUG] Found event source for: GroupVersionKind{group='io.csviri.operator.workflow', version='v1', kind='TestCustomResource'}
2024-01-19 10:10:19,575 97 i.c.o.w.r.InformerRegister     [DEBUG] Found event source for: GroupVersionKind{group='null', version='v1', kind='ConfigMap'}
2024-01-19 10:10:19,575 107 i.c.o.w.r.InformerRegister     [DEBUG] Found event source for: GroupVersionKind{group='io.csviri.operator.workflow', version='v1', kind='TestCustomResource'}
2024-01-19 10:10:19,575 107 i.c.o.w.r.InformerRegister     [DEBUG] Found event source for: GroupVersionKind{group='null', version='v1', kind='ConfigMap'}
2024-01-19 10:10:19,579 111 i.c.o.w.r.InformerRegister     [DEBUG] De-registering Informer on Workflow change for workflow: CustomResource{kind='Workflow', apiVersion='io.csviri.operator.workflow/v1beta1', metadata=ObjectMeta(annotations={workflow-operator-watch-cr/group=io.csviri.operator.workflow, workflow-operator-watch-cr/kind=TestCustomResource2, workflow-operator-watch-cr/name=testcr24, workflow-operator-watch-cr/version=v1}, creationTimestamp=2024-01-19T09:10:19Z, deletionGracePeriodSeconds=null, deletionTimestamp=null, finalizers=[workflows.io.csviri.operator.workflow/finalizer], generateName=null, generation=1, labels={foroperator=true}, managedFields=[ManagedFieldsEntry(apiVersion=io.csviri.operator.workflow/v1beta1, fieldsType=FieldsV1, fieldsV1=FieldsV1(additionalProperties={f:metadata={f:annotations={.={}, f:workflow-operator-watch-cr/group={}, f:workflow-operator-watch-cr/kind={}, f:workflow-operator-watch-cr/name={}, f:workflow-operator-watch-cr/version={}}, f:finalizers={.={}, v:"workflows.io.csviri.operator.workflow/finalizer"={}}, f:labels={.={}, f:foroperator={}}, f:ownerReferences={.={}, k:{"uid":"de03d232-b904-4d06-8c9d-1d5db48faca5"}={}}}, f:spec={.={}, f:relatedResources={}, f:resources={}}}), manager=fabric8-kubernetes-client, operation=Update, subresource=null, time=2024-01-19T09:10:19Z, additionalProperties={})], name=testcr24-testcustomresource2, namespace=workflowoperatortest-simpleconcurrencyformultipleoperator-86a35, ownerReferences=[OwnerReference(apiVersion=io.csviri.operator.workflow/v1, blockOwnerDeletion=null, controller=null, kind=TestCustomResource2, name=testcr24, uid=de03d232-b904-4d06-8c9d-1d5db48faca5, additionalProperties={})], resourceVersion=1088, selfLink=null, uid=292b6759-9811-4548-b55b-0cbfaf45fa91, additionalProperties={}), spec=WorkflowSpec{resources=[io.csviri.operator.workflow.customresource.workflow.DependentResourceSpec@69bf6509]}, status=null} gvk: GroupVersionKind{group='io.csviri.operator.workflow', version='v1', kind='TestCustomResource2'}
2024-01-19 10:10:19,579 103 i.c.o.w.r.InformerRegister     [DEBUG] De-registering Informer on Workflow change for workflow: CustomResource{kind='Workflow', apiVersion='io.csviri.operator.workflow/v1beta1', metadata=ObjectMeta(annotations={workflow-operator-watch-cr/group=io.csviri.operator.workflow, workflow-operator-watch-cr/kind=TestCustomResource, workflow-operator-watch-cr/name=testcr7, workflow-operator-watch-cr/version=v1}, creationTimestamp=2024-01-19T09:10:19Z, deletionGracePeriodSeconds=null, deletionTimestamp=null, finalizers=[workflows.io.csviri.operator.workflow/finalizer], generateName=null, generation=1, labels={foroperator=true}, managedFields=[ManagedFieldsEntry(apiVersion=io.csviri.operator.workflow/v1beta1, fieldsType=FieldsV1, fieldsV1=FieldsV1(additionalProperties={f:metadata={f:annotations={.={}, f:workflow-operator-watch-cr/group={}, f:workflow-operator-watch-cr/kind={}, f:workflow-operator-watch-cr/name={}, f:workflow-operator-watch-cr/version={}}, f:finalizers={.={}, v:"workflows.io.csviri.operator.workflow/finalizer"={}}, f:labels={.={}, f:foroperator={}}, f:ownerReferences={.={}, k:{"uid":"27772908-c46c-41dc-b46d-91a969a3f5e7"}={}}}, f:spec={.={}, f:relatedResources={}, f:resources={}}}), manager=fabric8-kubernetes-client, operation=Update, subresource=null, time=2024-01-19T09:10:19Z, additionalProperties={})], name=testcr7-testcustomresource, namespace=workflowoperatortest-simpleconcurrencyformultipleoperator-86a35, ownerReferences=[OwnerReference(apiVersion=io.csviri.operator.workflow/v1, blockOwnerDeletion=null, controller=null, kind=TestCustomResource, name=testcr7, uid=27772908-c46c-41dc-b46d-91a969a3f5e7, additionalProperties={})], resourceVersion=1086, selfLink=null, uid=dca7d2a6-274e-4e69-beed-575f0f938b2b, additionalProperties={}), spec=WorkflowSpec{resources=[io.csviri.operator.workflow.customresource.workflow.DependentResourceSpec@69bf6509]}, status=null} gvk: GroupVersionKind{group='io.csviri.operator.workflow', version='v1', kind='TestCustomResource'}
2024-01-19 10:10:19,582 113 i.c.o.w.r.InformerRegister     [DEBUG] De-registering Informer on Workflow change for workflow: CustomResource{kind='Workflow', apiVersion='io.csviri.operator.workflow/v1beta1', metadata=ObjectMeta(annotations={workflow-operator-watch-cr/group=io.csviri.operator.workflow, workflow-operator-watch-cr/kind=TestCustomResource, workflow-operator-watch-cr/name=testcr4, workflow-operator-watch-cr/version=v1}, creationTimestamp=2024-01-19T09:10:19Z, deletionGracePeriodSeconds=null, deletionTimestamp=null, finalizers=[workflows.io.csviri.operator.workflow/finalizer], generateName=null, generation=1, labels={foroperator=true}, managedFields=[ManagedFieldsEntry(apiVersion=io.csviri.operator.workflow/v1beta1, fieldsType=FieldsV1, fieldsV1=FieldsV1(additionalProperties={f:metadata={f:annotations={.={}, f:workflow-operator-watch-cr/group={}, f:workflow-operator-watch-cr/kind={}, f:workflow-operator-watch-cr/name={}, f:workflow-operator-watch-cr/version={}}, f:finalizers={.={}, v:"workflows.io.csviri.operator.workflow/finalizer"={}}, f:labels={.={}, f:foroperator={}}, f:ownerReferences={.={}, k:{"uid":"1eae088b-265a-43db-95d9-d12aa7d5e2fa"}={}}}, f:spec={.={}, f:relatedResources={}, f:resources={}}}), manager=fabric8-kubernetes-client, operation=Update, subresource=null, time=2024-01-19T09:10:19Z, additionalProperties={})], name=testcr4-testcustomresource, namespace=workflowoperatortest-simpleconcurrencyformultipleoperator-86a35, ownerReferences=[OwnerReference(apiVersion=io.csviri.operator.workflow/v1, blockOwnerDeletion=null, controller=null, kind=TestCustomResource, name=testcr4, uid=1eae088b-265a-43db-95d9-d12aa7d5e2fa, additionalProperties={})], resourceVersion=1091, selfLink=null, uid=c1d2c99c-3137-4697-9887-289d88447fe3, additionalProperties={}), spec=WorkflowSpec{resources=[io.csviri.operator.workflow.customresource.workflow.DependentResourceSpec@69bf6509]}, status=null} gvk: GroupVersionKind{group='io.csviri.operator.workflow', version='v1', kind='TestCustomResource'}
2024-01-19 10:10:19,583 95 i.c.o.w.r.InformerRegister     [DEBUG] Found event source for: GroupVersionKind{group='io.csviri.operator.workflow', version='v1', kind='TestCustomResource2'}
2024-01-19 10:10:19,583 95 i.c.o.w.r.InformerRegister     [DEBUG] Found event source for: GroupVersionKind{group='null', version='v1', kind='ConfigMap'}
2024-01-19 10:10:19,587 108 i.c.o.w.r.InformerRegister     [DEBUG] De-registering Informer on Workflow change for workflow: CustomResource{kind='Workflow', apiVersion='io.csviri.operator.workflow/v1beta1', metadata=ObjectMeta(annotations={workflow-operator-watch-cr/group=io.csviri.operator.workflow, workflow-operator-watch-cr/kind=TestCustomResource2, workflow-operator-watch-cr/name=testcr26, workflow-operator-watch-cr/version=v1}, creationTimestamp=2024-01-19T09:10:19Z, deletionGracePeriodSeconds=null, deletionTimestamp=null, finalizers=[workflows.io.csviri.operator.workflow/finalizer], generateName=null, generation=1, labels={foroperator=true}, managedFields=[ManagedFieldsEntry(apiVersion=io.csviri.operator.workflow/v1beta1, fieldsType=FieldsV1, fieldsV1=FieldsV1(additionalProperties={f:metadata={f:annotations={.={}, f:workflow-operator-watch-cr/group={}, f:workflow-operator-watch-cr/kind={}, f:workflow-operator-watch-cr/name={}, f:workflow-operator-watch-cr/version={}}, f:finalizers={.={}, v:"workflows.io.csviri.operator.workflow/finalizer"={}}, f:labels={.={}, f:foroperator={}}, f:ownerReferences={.={}, k:{"uid":"e169b790-31c4-4b0b-bebd-b9690c04a1c4"}={}}}, f:spec={.={}, f:relatedResources={}, f:resources={}}}), manager=fabric8-kubernetes-client, operation=Update, subresource=null, time=2024-01-19T09:10:19Z, additionalProperties={})], name=testcr26-testcustomresource2, namespace=workflowoperatortest-simpleconcurrencyformultipleoperator-86a35, ownerReferences=[OwnerReference(apiVersion=io.csviri.operator.workflow/v1, blockOwnerDeletion=null, controller=null, kind=TestCustomResource2, name=testcr26, uid=e169b790-31c4-4b0b-bebd-b9690c04a1c4, additionalProperties={})], resourceVersion=1094, selfLink=null, uid=fbe6c834-ee15-476b-94b3-20c6090cc7c9, additionalProperties={}), spec=WorkflowSpec{resources=[io.csviri.operator.workflow.customresource.workflow.DependentResourceSpec@69bf6509]}, status=null} gvk: GroupVersionKind{group='io.csviri.operator.workflow', version='v1', kind='TestCustomResource2'}
2024-01-19 10:10:19,589 107 i.c.o.w.r.InformerRegister     [DEBUG] De-registering Informer on Workflow change for workflow: CustomResource{kind='Workflow', apiVersion='io.csviri.operator.workflow/v1beta1', metadata=ObjectMeta(annotations={workflow-operator-watch-cr/group=io.csviri.operator.workflow, workflow-operator-watch-cr/kind=TestCustomResource, workflow-operator-watch-cr/name=testcr3, workflow-operator-watch-cr/version=v1}, creationTimestamp=2024-01-19T09:10:19Z, deletionGracePeriodSeconds=null, deletionTimestamp=null, finalizers=[workflows.io.csviri.operator.workflow/finalizer], generateName=null, generation=1, labels={foroperator=true}, managedFields=[ManagedFieldsEntry(apiVersion=io.csviri.operator.workflow/v1beta1, fieldsType=FieldsV1, fieldsV1=FieldsV1(additionalProperties={f:metadata={f:annotations={.={}, f:workflow-operator-watch-cr/group={}, f:workflow-operator-watch-cr/kind={}, f:workflow-operator-watch-cr/name={}, f:workflow-operator-watch-cr/version={}}, f:finalizers={.={}, v:"workflows.io.csviri.operator.workflow/finalizer"={}}, f:labels={.={}, f:foroperator={}}, f:ownerReferences={.={}, k:{"uid":"5b173350-d7ef-4198-a60e-ecbfc9c26b48"}={}}}, f:spec={.={}, f:relatedResources={}, f:resources={}}}), manager=fabric8-kubernetes-client, operation=Update, subresource=null, time=2024-01-19T09:10:19Z, additionalProperties={})], name=testcr3-testcustomresource, namespace=workflowoperatortest-simpleconcurrencyformultipleoperator-86a35, ownerReferences=[OwnerReference(apiVersion=io.csviri.operator.workflow/v1, blockOwnerDeletion=null, controller=null, kind=TestCustomResource, name=testcr3, uid=5b173350-d7ef-4198-a60e-ecbfc9c26b48, additionalProperties={})], resourceVersion=1098, selfLink=null, uid=c41c773d-7f91-476f-a4b5-156f82a47bc7, additionalProperties={}), spec=WorkflowSpec{resources=[io.csviri.operator.workflow.customresource.workflow.DependentResourceSpec@69bf6509]}, status=null} gvk: GroupVersionKind{group='io.csviri.operator.workflow', version='v1', kind='TestCustomResource'}
2024-01-19 10:10:19,597 97 i.c.o.w.r.InformerRegister     [DEBUG] De-registering Informer on Workflow change for workflow: CustomResource{kind='Workflow', apiVersion='io.csviri.operator.workflow/v1beta1', metadata=ObjectMeta(annotations={workflow-operator-watch-cr/group=io.csviri.operator.workflow, workflow-operator-watch-cr/kind=TestCustomResource, workflow-operator-watch-cr/name=testcr5, workflow-operator-watch-cr/version=v1}, creationTimestamp=2024-01-19T09:10:19Z, deletionGracePeriodSeconds=null, deletionTimestamp=null, finalizers=[workflows.io.csviri.operator.workflow/finalizer], generateName=null, generation=1, labels={foroperator=true}, managedFields=[ManagedFieldsEntry(apiVersion=io.csviri.operator.workflow/v1beta1, fieldsType=FieldsV1, fieldsV1=FieldsV1(additionalProperties={f:metadata={f:annotations={.={}, f:workflow-operator-watch-cr/group={}, f:workflow-operator-watch-cr/kind={}, f:workflow-operator-watch-cr/name={}, f:workflow-operator-watch-cr/version={}}, f:finalizers={.={}, v:"workflows.io.csviri.operator.workflow/finalizer"={}}, f:labels={.={}, f:foroperator={}}, f:ownerReferences={.={}, k:{"uid":"faf51433-b41c-4f9f-9243-37543f56f2a9"}={}}}, f:spec={.={}, f:relatedResources={}, f:resources={}}}), manager=fabric8-kubernetes-client, operation=Update, subresource=null, time=2024-01-19T09:10:19Z, additionalProperties={})], name=testcr5-testcustomresource, namespace=workflowoperatortest-simpleconcurrencyformultipleoperator-86a35, ownerReferences=[OwnerReference(apiVersion=io.csviri.operator.workflow/v1, blockOwnerDeletion=null, controller=null, kind=TestCustomResource, name=testcr5, uid=faf51433-b41c-4f9f-9243-37543f56f2a9, additionalProperties={})], resourceVersion=1096, selfLink=null, uid=86abf28b-3f7b-461f-85ef-2f02b2711980, additionalProperties={}), spec=WorkflowSpec{resources=[io.csviri.operator.workflow.customresource.workflow.DependentResourceSpec@69bf6509]}, status=null} gvk: GroupVersionKind{group='io.csviri.operator.workflow', version='v1', kind='TestCustomResource'}
2024-01-19 10:10:19,598 103 i.c.o.w.r.InformerRegister     [DEBUG] Found event source for: GroupVersionKind{group='io.csviri.operator.workflow', version='v1', kind='TestCustomResource2'}
2024-01-19 10:10:19,598 103 i.c.o.w.r.InformerRegister     [DEBUG] Found event source for: GroupVersionKind{group='null', version='v1', kind='ConfigMap'}
2024-01-19 10:10:19,606 95 i.c.o.w.r.InformerRegister     [DEBUG] De-registering Informer on Workflow change for workflow: CustomResource{kind='Workflow', apiVersion='io.csviri.operator.workflow/v1beta1', metadata=ObjectMeta(annotations={workflow-operator-watch-cr/group=io.csviri.operator.workflow, workflow-operator-watch-cr/kind=TestCustomResource2, workflow-operator-watch-cr/name=testcr29, workflow-operator-watch-cr/version=v1}, creationTimestamp=2024-01-19T09:10:19Z, deletionGracePeriodSeconds=null, deletionTimestamp=null, finalizers=[workflows.io.csviri.operator.workflow/finalizer], generateName=null, generation=1, labels={foroperator=true}, managedFields=[ManagedFieldsEntry(apiVersion=io.csviri.operator.workflow/v1beta1, fieldsType=FieldsV1, fieldsV1=FieldsV1(additionalProperties={f:metadata={f:annotations={.={}, f:workflow-operator-watch-cr/group={}, f:workflow-operator-watch-cr/kind={}, f:workflow-operator-watch-cr/name={}, f:workflow-operator-watch-cr/version={}}, f:finalizers={.={}, v:"workflows.io.csviri.operator.workflow/finalizer"={}}, f:labels={.={}, f:foroperator={}}, f:ownerReferences={.={}, k:{"uid":"06106d72-a3d5-4573-8dbf-9bf6a481ee52"}={}}}, f:spec={.={}, f:relatedResources={}, f:resources={}}}), manager=fabric8-kubernetes-client, operation=Update, subresource=null, time=2024-01-19T09:10:19Z, additionalProperties={})], name=testcr29-testcustomresource2, namespace=workflowoperatortest-simpleconcurrencyformultipleoperator-86a35, ownerReferences=[OwnerReference(apiVersion=io.csviri.operator.workflow/v1, blockOwnerDeletion=null, controller=null, kind=TestCustomResource2, name=testcr29, uid=06106d72-a3d5-4573-8dbf-9bf6a481ee52, additionalProperties={})], resourceVersion=1103, selfLink=null, uid=7d0622b9-c474-4556-9cf2-97448efa0d24, additionalProperties={}), spec=WorkflowSpec{resources=[io.csviri.operator.workflow.customresource.workflow.DependentResourceSpec@69bf6509]}, status=null} gvk: GroupVersionKind{group='io.csviri.operator.workflow', version='v1', kind='TestCustomResource2'}
2024-01-19 10:10:19,607 99 i.c.o.w.r.InformerRegister     [DEBUG] Found event source for: GroupVersionKind{group='io.csviri.operator.workflow', version='v1', kind='TestCustomResource2'}
2024-01-19 10:10:19,607 99 i.c.o.w.r.InformerRegister     [DEBUG] Found event source for: GroupVersionKind{group='null', version='v1', kind='ConfigMap'}
2024-01-19 10:10:19,609 103 i.c.o.w.r.InformerRegister     [DEBUG] De-registering Informer on Workflow change for workflow: CustomResource{kind='Workflow', apiVersion='io.csviri.operator.workflow/v1beta1', metadata=ObjectMeta(annotations={workflow-operator-watch-cr/group=io.csviri.operator.workflow, workflow-operator-watch-cr/kind=TestCustomResource2, workflow-operator-watch-cr/name=testcr28, workflow-operator-watch-cr/version=v1}, creationTimestamp=2024-01-19T09:10:19Z, deletionGracePeriodSeconds=null, deletionTimestamp=null, finalizers=[workflows.io.csviri.operator.workflow/finalizer], generateName=null, generation=1, labels={foroperator=true}, managedFields=[ManagedFieldsEntry(apiVersion=io.csviri.operator.workflow/v1beta1, fieldsType=FieldsV1, fieldsV1=FieldsV1(additionalProperties={f:metadata={f:annotations={.={}, f:workflow-operator-watch-cr/group={}, f:workflow-operator-watch-cr/kind={}, f:workflow-operator-watch-cr/name={}, f:workflow-operator-watch-cr/version={}}, f:finalizers={.={}, v:"workflows.io.csviri.operator.workflow/finalizer"={}}, f:labels={.={}, f:foroperator={}}, f:ownerReferences={.={}, k:{"uid":"53ea40d2-2dda-433e-a085-ca9f197b5900"}={}}}, f:spec={.={}, f:relatedResources={}, f:resources={}}}), manager=fabric8-kubernetes-client, operation=Update, subresource=null, time=2024-01-19T09:10:19Z, additionalProperties={})], name=testcr28-testcustomresource2, namespace=workflowoperatortest-simpleconcurrencyformultipleoperator-86a35, ownerReferences=[OwnerReference(apiVersion=io.csviri.operator.workflow/v1, blockOwnerDeletion=null, controller=null, kind=TestCustomResource2, name=testcr28, uid=53ea40d2-2dda-433e-a085-ca9f197b5900, additionalProperties={})], resourceVersion=1107, selfLink=null, uid=609be3fd-5199-495e-ad4f-998af49eedb2, additionalProperties={}), spec=WorkflowSpec{resources=[io.csviri.operator.workflow.customresource.workflow.DependentResourceSpec@69bf6509]}, status=null} gvk: GroupVersionKind{group='io.csviri.operator.workflow', version='v1', kind='TestCustomResource2'}
2024-01-19 10:10:19,617 99 i.c.o.w.r.InformerRegister     [DEBUG] De-registering Informer on Workflow change for workflow: CustomResource{kind='Workflow', apiVersion='io.csviri.operator.workflow/v1beta1', metadata=ObjectMeta(annotations={workflow-operator-watch-cr/group=io.csviri.operator.workflow, workflow-operator-watch-cr/kind=TestCustomResource2, workflow-operator-watch-cr/name=testcr27, workflow-operator-watch-cr/version=v1}, creationTimestamp=2024-01-19T09:10:19Z, deletionGracePeriodSeconds=null, deletionTimestamp=null, finalizers=[workflows.io.csviri.operator.workflow/finalizer], generateName=null, generation=1, labels={foroperator=true}, managedFields=[ManagedFieldsEntry(apiVersion=io.csviri.operator.workflow/v1beta1, fieldsType=FieldsV1, fieldsV1=FieldsV1(additionalProperties={f:metadata={f:annotations={.={}, f:workflow-operator-watch-cr/group={}, f:workflow-operator-watch-cr/kind={}, f:workflow-operator-watch-cr/name={}, f:workflow-operator-watch-cr/version={}}, f:finalizers={.={}, v:"workflows.io.csviri.operator.workflow/finalizer"={}}, f:labels={.={}, f:foroperator={}}, f:ownerReferences={.={}, k:{"uid":"89757260-317e-4eae-b482-9d2714d0e36f"}={}}}, f:spec={.={}, f:relatedResources={}, f:resources={}}}), manager=fabric8-kubernetes-client, operation=Update, subresource=null, time=2024-01-19T09:10:19Z, additionalProperties={})], name=testcr27-testcustomresource2, namespace=workflowoperatortest-simpleconcurrencyformultipleoperator-86a35, ownerReferences=[OwnerReference(apiVersion=io.csviri.operator.workflow/v1, blockOwnerDeletion=null, controller=null, kind=TestCustomResource2, name=testcr27, uid=89757260-317e-4eae-b482-9d2714d0e36f, additionalProperties={})], resourceVersion=1110, selfLink=null, uid=92725b0a-1584-425e-8430-5b13de240789, additionalProperties={}), spec=WorkflowSpec{resources=[io.csviri.operator.workflow.customresource.workflow.DependentResourceSpec@69bf6509]}, status=null} gvk: GroupVersionKind{group='io.csviri.operator.workflow', version='v1', kind='TestCustomResource2'}
2024-01-19 10:10:19,712 113 i.c.o.w.r.WorkflowOperatorReconciler [DEBUG] Reconciling: wo in namespace: workflowoperatortest-simpleconcurrencyformultipleoperator-86a35
2024-01-19 10:10:19,717 108 i.c.o.w.r.WorkflowOperatorReconciler [DEBUG] Reconciling: wo in namespace: workflowoperatortest-simpleconcurrencyformultipleoperator-86a35
2024-01-19 10:10:19,718 107 i.c.o.w.r.InformerRegister     [DEBUG] Found event source for: GroupVersionKind{group='null', version='v1', kind='ConfigMap'}
2024-01-19 10:10:19,724 100 i.c.o.w.r.WorkflowOperatorReconciler [DEBUG] Reconciling: wo in namespace: workflowoperatortest-simpleconcurrencyformultipleoperator-86a35
2024-01-19 10:10:19,728 115 i.c.o.w.r.InformerRegister     [DEBUG] Found event source for: GroupVersionKind{group='null', version='v1', kind='ConfigMap'}
2024-01-19 10:10:19,731 97 i.c.o.w.r.WorkflowOperatorReconciler [DEBUG] Reconciling: wo in namespace: workflowoperatortest-simpleconcurrencyformultipleoperator-86a35
2024-01-19 10:10:19,735 111 i.c.o.w.r.InformerRegister     [DEBUG] Found event source for: GroupVersionKind{group='null', version='v1', kind='ConfigMap'}
2024-01-19 10:10:19,737 95 i.c.o.w.r.WorkflowOperatorReconciler [DEBUG] Reconciling: wo in namespace: workflowoperatortest-simpleconcurrencyformultipleoperator-86a35
2024-01-19 10:10:19,747 103 i.c.o.w.r.WorkflowOperatorReconciler [DEBUG] Reconciling: wo in namespace: workflowoperatortest-simpleconcurrencyformultipleoperator-86a35
2024-01-19 10:10:19,748 99 i.c.o.w.r.InformerRegister     [DEBUG] Found event source for: GroupVersionKind{group='null', version='v1', kind='ConfigMap'}
2024-01-19 10:10:19,755 108 i.c.o.w.r.InformerRegister     [DEBUG] Found event source for: GroupVersionKind{group='null', version='v1', kind='ConfigMap'}
2024-01-19 10:10:19,755 113 i.c.o.w.r.WorkflowOperatorReconciler [DEBUG] Reconciling: wo in namespace: workflowoperatortest-simpleconcurrencyformultipleoperator-86a35
2024-01-19 10:10:19,757 100 i.c.o.w.r.InformerRegister     [DEBUG] Found event source for: GroupVersionKind{group='null', version='v1', kind='ConfigMap'}
2024-01-19 10:10:19,763 107 i.c.o.w.r.WorkflowOperatorReconciler [DEBUG] Reconciling: wo in namespace: workflowoperatortest-simpleconcurrencyformultipleoperator-86a35
2024-01-19 10:10:19,772 97 i.c.o.w.r.InformerRegister     [DEBUG] Found event source for: GroupVersionKind{group='null', version='v1', kind='ConfigMap'}
2024-01-19 10:10:19,772 115 i.c.o.w.r.WorkflowOperatorReconciler [DEBUG] Reconciling: wo in namespace: workflowoperatortest-simpleconcurrencyformultipleoperator-86a35
2024-01-19 10:10:19,776 95 i.c.o.w.r.InformerRegister     [DEBUG] Found event source for: GroupVersionKind{group='null', version='v1', kind='ConfigMap'}
2024-01-19 10:10:19,779 103 i.c.o.w.r.WorkflowOperatorReconciler [DEBUG] Reconciling: wo in namespace: workflowoperatortest-simpleconcurrencyformultipleoperator-86a35
2024-01-19 10:10:19,785 111 i.c.o.w.r.InformerRegister     [DEBUG] Found event source for: GroupVersionKind{group='null', version='v1', kind='ConfigMap'}
2024-01-19 10:10:19,785 99 i.c.o.w.r.WorkflowOperatorReconciler [DEBUG] Reconciling: wo2 in namespace: workflowoperatortest-simpleconcurrencyformultipleoperator-86a35
2024-01-19 10:10:19,790 113 i.c.o.w.r.InformerRegister     [DEBUG] Found event source for: GroupVersionKind{group='null', version='v1', kind='ConfigMap'}
2024-01-19 10:10:19,792 107 i.c.o.w.r.WorkflowOperatorReconciler [DEBUG] Reconciling: wo2 in namespace: workflowoperatortest-simpleconcurrencyformultipleoperator-86a35
2024-01-19 10:10:19,800 108 i.c.o.w.r.WorkflowOperatorReconciler [DEBUG] Reconciling: wo2 in namespace: workflowoperatortest-simpleconcurrencyformultipleoperator-86a35
2024-01-19 10:10:19,806 100 i.c.o.w.r.WorkflowOperatorReconciler [DEBUG] Reconciling: wo2 in namespace: workflowoperatortest-simpleconcurrencyformultipleoperator-86a35
2024-01-19 10:10:19,810 115 i.c.o.w.r.WorkflowOperatorReconciler [DEBUG] Reconciling: wo2 in namespace: workflowoperatortest-simpleconcurrencyformultipleoperator-86a35
2024-01-19 10:10:19,817 103 i.c.o.w.r.WorkflowOperatorReconciler [DEBUG] Reconciling: wo2 in namespace: workflowoperatortest-simpleconcurrencyformultipleoperator-86a35
2024-01-19 10:10:19,821 97 i.c.o.w.r.WorkflowOperatorReconciler [DEBUG] Reconciling: wo2 in namespace: workflowoperatortest-simpleconcurrencyformultipleoperator-86a35
2024-01-19 10:10:19,825 99 i.c.o.w.r.WorkflowOperatorReconciler [DEBUG] Reconciling: wo2 in namespace: workflowoperatortest-simpleconcurrencyformultipleoperator-86a35
2024-01-19 10:10:19,829 95 i.c.o.w.r.WorkflowOperatorReconciler [DEBUG] Reconciling: wo2 in namespace: workflowoperatortest-simpleconcurrencyformultipleoperator-86a35
2024-01-19 10:10:19,838 111 i.c.o.w.r.WorkflowOperatorReconciler [DEBUG] Reconciling: wo2 in namespace: workflowoperatortest-simpleconcurrencyformultipleoperator-86a35
2024-01-19 10:10:20,043 107 i.c.o.w.r.InformerRegister     [DEBUG] Found event source for: GroupVersionKind{group='null', version='v1', kind='ConfigMap'}
2024-01-19 10:10:20,217 113 i.c.o.w.r.InformerRegister     [DEBUG] Found event source for: GroupVersionKind{group='null', version='v1', kind='ConfigMap'}
2024-01-19 10:10:20,294 108 i.c.o.w.r.InformerRegister     [DEBUG] Found event source for: GroupVersionKind{group='null', version='v1', kind='ConfigMap'}
2024-01-19 10:10:20,321 100 i.c.o.w.r.InformerRegister     [DEBUG] Found event source for: GroupVersionKind{group='null', version='v1', kind='ConfigMap'}
2024-01-19 10:10:20,342 115 i.c.o.w.r.InformerRegister     [DEBUG] Found event source for: GroupVersionKind{group='null', version='v1', kind='ConfigMap'}
2024-01-19 10:10:20,392 103 i.c.o.w.r.InformerRegister     [DEBUG] Found event source for: GroupVersionKind{group='null', version='v1', kind='ConfigMap'}
2024-01-19 10:10:20,419 97 i.c.o.w.r.InformerRegister     [DEBUG] Found event source for: GroupVersionKind{group='null', version='v1', kind='ConfigMap'}
2024-01-19 10:10:20,444 99 i.c.o.w.r.InformerRegister     [DEBUG] Found event source for: GroupVersionKind{group='null', version='v1', kind='ConfigMap'}
2024-01-19 10:10:20,467 95 i.c.o.w.r.InformerRegister     [DEBUG] Found event source for: GroupVersionKind{group='null', version='v1', kind='ConfigMap'}
2024-01-19 10:10:20,494 111 i.c.o.w.r.InformerRegister     [DEBUG] Found event source for: GroupVersionKind{group='null', version='v1', kind='ConfigMap'}
2024-01-19 10:10:20,984 1 i.j.o.j.AbstractOperatorExtension [INFO ] Deleting namespace workflowoperatortest-simpleconcurrencyformultipleoperator-86a35 and stopping operator
2024-01-19 10:10:20,990 1 i.j.o.j.AbstractOperatorExtension [INFO ] Waiting for namespace workflowoperatortest-simpleconcurrencyformultipleoperator-86a35 to be deleted
2024-01-19 10:10:31,260 1 i.j.o.Operator                 [INFO ] Operator SDK 4.7.0-SNAPSHOT is shutting down...
]]></system-out>
  </testcase>
  <testcase name="templating" classname="io.csviri.operator.workflow.WorkflowOperatorTest" time="18.804">
    <system-out><![CDATA[2024-01-19 10:10:31,276 1 i.j.o.j.AbstractOperatorExtension [INFO ] Initializing integration test in namespace workflowoperatortest-templating-3964f
2024-01-19 10:10:35,343 1 Default ConfigurationService implementation [WARN ] Configuration for reconciler 'workflowreconciler' was not found. Known reconcilers: None.
2024-01-19 10:10:35,344 1 Default ConfigurationService implementation [INFO ] Created configuration for reconciler io.csviri.operator.workflow.reconciler.WorkflowReconciler with name workflowreconciler
2024-01-19 10:10:37,377 1 i.j.o.Operator                 [INFO ] Registered reconciler: 'workflowreconciler' for resource: 'class io.csviri.operator.workflow.customresource.workflow.Workflow' for namespace(s): [workflowoperatortest-templating-3964f]
2024-01-19 10:10:37,377 1 Default ConfigurationService implementation [WARN ] Configuration for reconciler 'workflowoperatorreconciler' was not found. Known reconcilers: None.
2024-01-19 10:10:37,378 1 Default ConfigurationService implementation [INFO ] Created configuration for reconciler io.csviri.operator.workflow.reconciler.WorkflowOperatorReconciler with name workflowoperatorreconciler
2024-01-19 10:10:39,410 1 i.j.o.Operator                 [INFO ] Registered reconciler: 'workflowoperatorreconciler' for resource: 'class io.csviri.operator.workflow.customresource.operator.WorkflowOperator' for namespace(s): [workflowoperatortest-templating-3964f]
2024-01-19 10:10:39,410 1 i.j.o.Operator                 [INFO ] Operator SDK 4.7.0-SNAPSHOT (commit: 280e4b5) built on 2024-01-19T10:03:25.000+0100 starting...
2024-01-19 10:10:39,410 1 i.j.o.Operator                 [INFO ] Client version: 6.10.0
2024-01-19 10:10:39,411 153 i.j.o.p.Controller             [INFO ] Starting 'workflowreconciler' controller for reconciler: io.csviri.operator.workflow.reconciler.WorkflowReconciler, resource: io.csviri.operator.workflow.customresource.workflow.Workflow
2024-01-19 10:10:39,411 154 i.j.o.p.Controller             [INFO ] Starting 'workflowoperatorreconciler' controller for reconciler: io.csviri.operator.workflow.reconciler.WorkflowOperatorReconciler, resource: io.csviri.operator.workflow.customresource.operator.WorkflowOperator
2024-01-19 10:10:39,471 153 i.j.o.p.Controller             [INFO ] 'workflowreconciler' controller started
2024-01-19 10:10:39,495 154 i.j.o.p.Controller             [INFO ] 'workflowoperatorreconciler' controller started
2024-01-19 10:10:39,517 170 i.c.o.w.r.WorkflowOperatorReconciler [DEBUG] Reconciling: wo-templating-sample in namespace: workflowoperatortest-templating-3964f
2024-01-19 10:10:39,585 174 i.c.o.w.r.WorkflowOperatorReconciler [DEBUG] Reconciling: wo-templating-sample in namespace: workflowoperatortest-templating-3964f
2024-01-19 10:10:39,593 176 i.c.o.w.r.InformerRegister     [DEBUG] Adding new event source for: GroupVersionKind{group='io.csviri.operator.workflow', version='v1', kind='TestCustomResource'}
2024-01-19 10:10:39,646 176 i.c.o.w.r.InformerRegister     [DEBUG] Adding new event source for: GroupVersionKind{group='null', version='v1', kind='ConfigMap'}
2024-01-19 10:10:39,647 176 i.j.o.p.d.k.KubernetesDependentResource [WARN ] Using default configuration for GenericKubernetesResource KubernetesDependentResource, call configureWith to provide configuration
2024-01-19 10:10:39,705 176 i.c.o.w.r.InformerRegister     [DEBUG] De-registering Informer on Workflow change for workflow: CustomResource{kind='Workflow', apiVersion='io.csviri.operator.workflow/v1beta1', metadata=ObjectMeta(annotations={workflow-operator-watch-cr/group=io.csviri.operator.workflow, workflow-operator-watch-cr/kind=TestCustomResource, workflow-operator-watch-cr/name=testcr1, workflow-operator-watch-cr/version=v1}, creationTimestamp=2024-01-19T09:10:39Z, deletionGracePeriodSeconds=null, deletionTimestamp=null, finalizers=[workflows.io.csviri.operator.workflow/finalizer], generateName=null, generation=1, labels={foroperator=true}, managedFields=[ManagedFieldsEntry(apiVersion=io.csviri.operator.workflow/v1beta1, fieldsType=FieldsV1, fieldsV1=FieldsV1(additionalProperties={f:metadata={f:annotations={.={}, f:workflow-operator-watch-cr/group={}, f:workflow-operator-watch-cr/kind={}, f:workflow-operator-watch-cr/name={}, f:workflow-operator-watch-cr/version={}}, f:finalizers={.={}, v:"workflows.io.csviri.operator.workflow/finalizer"={}}, f:labels={.={}, f:foroperator={}}, f:ownerReferences={.={}, k:{"uid":"41a5b498-ab6e-41fe-a772-a009d85b67ec"}={}}}, f:spec={.={}, f:relatedResources={}, f:resources={}}}), manager=fabric8-kubernetes-client, operation=Update, subresource=null, time=2024-01-19T09:10:39Z, additionalProperties={})], name=testcr1-testcustomresource, namespace=workflowoperatortest-templating-3964f, ownerReferences=[OwnerReference(apiVersion=io.csviri.operator.workflow/v1, blockOwnerDeletion=null, controller=null, kind=TestCustomResource, name=testcr1, uid=41a5b498-ab6e-41fe-a772-a009d85b67ec, additionalProperties={})], resourceVersion=1227, selfLink=null, uid=bce460af-b865-430b-9f4b-2e1bf34758c7, additionalProperties={}), spec=WorkflowSpec{resources=[io.csviri.operator.workflow.customresource.workflow.DependentResourceSpec@88d6254f]}, status=null} gvk: GroupVersionKind{group='io.csviri.operator.workflow', version='v1', kind='TestCustomResource'}
2024-01-19 10:10:39,726 183 i.c.o.w.r.WorkflowOperatorReconciler [DEBUG] Reconciling: wo-templating-sample in namespace: workflowoperatortest-templating-3964f
2024-01-19 10:10:39,737 184 i.c.o.w.r.InformerRegister     [DEBUG] Found event source for: GroupVersionKind{group='null', version='v1', kind='ConfigMap'}
2024-01-19 10:10:39,830 1 i.j.o.j.AbstractOperatorExtension [INFO ] Deleting namespace workflowoperatortest-templating-3964f and stopping operator
2024-01-19 10:10:39,835 1 i.j.o.j.AbstractOperatorExtension [INFO ] Waiting for namespace workflowoperatortest-templating-3964f to be deleted
2024-01-19 10:10:50,078 1 i.j.o.Operator                 [INFO ] Operator SDK 4.7.0-SNAPSHOT is shutting down...
]]></system-out>
  </testcase>
  <testcase name="simpleConcurrencyTest" classname="io.csviri.operator.workflow.WorkflowOperatorTest" time="18.975">
    <system-out><![CDATA[2024-01-19 10:10:50,102 1 i.j.o.j.AbstractOperatorExtension [INFO ] Initializing integration test in namespace workflowoperatortest-simpleconcurrencytest-31877
2024-01-19 10:10:54,172 1 Default ConfigurationService implementation [WARN ] Configuration for reconciler 'workflowreconciler' was not found. Known reconcilers: None.
2024-01-19 10:10:54,172 1 Default ConfigurationService implementation [INFO ] Created configuration for reconciler io.csviri.operator.workflow.reconciler.WorkflowReconciler with name workflowreconciler
2024-01-19 10:10:56,217 1 i.j.o.Operator                 [INFO ] Registered reconciler: 'workflowreconciler' for resource: 'class io.csviri.operator.workflow.customresource.workflow.Workflow' for namespace(s): [workflowoperatortest-simpleconcurrencytest-31877]
2024-01-19 10:10:56,218 1 Default ConfigurationService implementation [WARN ] Configuration for reconciler 'workflowoperatorreconciler' was not found. Known reconcilers: None.
2024-01-19 10:10:56,218 1 Default ConfigurationService implementation [INFO ] Created configuration for reconciler io.csviri.operator.workflow.reconciler.WorkflowOperatorReconciler with name workflowoperatorreconciler
2024-01-19 10:10:58,263 1 i.j.o.Operator                 [INFO ] Registered reconciler: 'workflowoperatorreconciler' for resource: 'class io.csviri.operator.workflow.customresource.operator.WorkflowOperator' for namespace(s): [workflowoperatortest-simpleconcurrencytest-31877]
2024-01-19 10:10:58,263 1 i.j.o.Operator                 [INFO ] Operator SDK 4.7.0-SNAPSHOT (commit: 280e4b5) built on 2024-01-19T10:03:25.000+0100 starting...
2024-01-19 10:10:58,263 1 i.j.o.Operator                 [INFO ] Client version: 6.10.0
2024-01-19 10:10:58,264 196 i.j.o.p.Controller             [INFO ] Starting 'workflowreconciler' controller for reconciler: io.csviri.operator.workflow.reconciler.WorkflowReconciler, resource: io.csviri.operator.workflow.customresource.workflow.Workflow
2024-01-19 10:10:58,264 197 i.j.o.p.Controller             [INFO ] Starting 'workflowoperatorreconciler' controller for reconciler: io.csviri.operator.workflow.reconciler.WorkflowOperatorReconciler, resource: io.csviri.operator.workflow.customresource.operator.WorkflowOperator
2024-01-19 10:10:58,323 196 i.j.o.p.Controller             [INFO ] 'workflowreconciler' controller started
2024-01-19 10:10:58,343 197 i.j.o.p.Controller             [INFO ] 'workflowoperatorreconciler' controller started
2024-01-19 10:10:58,366 213 i.c.o.w.r.WorkflowOperatorReconciler [DEBUG] Reconciling: wo in namespace: workflowoperatortest-simpleconcurrencytest-31877
2024-01-19 10:10:58,442 221 i.c.o.w.r.InformerRegister     [DEBUG] Adding new event source for: GroupVersionKind{group='io.csviri.operator.workflow', version='v1', kind='TestCustomResource'}
2024-01-19 10:10:58,442 222 i.c.o.w.r.WorkflowOperatorReconciler [DEBUG] Reconciling: wo in namespace: workflowoperatortest-simpleconcurrencytest-31877
2024-01-19 10:10:58,446 225 i.c.o.w.r.InformerRegister     [DEBUG] Found event source for: GroupVersionKind{group='io.csviri.operator.workflow', version='v1', kind='TestCustomResource'}
2024-01-19 10:10:58,447 225 i.c.o.w.r.InformerRegister     [DEBUG] Adding new event source for: GroupVersionKind{group='null', version='v1', kind='ConfigMap'}
2024-01-19 10:10:58,447 225 i.j.o.p.d.k.KubernetesDependentResource [WARN ] Using default configuration for GenericKubernetesResource KubernetesDependentResource, call configureWith to provide configuration
2024-01-19 10:10:58,454 230 i.c.o.w.r.InformerRegister     [DEBUG] Found event source for: GroupVersionKind{group='io.csviri.operator.workflow', version='v1', kind='TestCustomResource'}
2024-01-19 10:10:58,454 230 i.c.o.w.r.InformerRegister     [DEBUG] Found event source for: GroupVersionKind{group='null', version='v1', kind='ConfigMap'}
2024-01-19 10:10:58,460 217 i.c.o.w.r.InformerRegister     [DEBUG] Found event source for: GroupVersionKind{group='io.csviri.operator.workflow', version='v1', kind='TestCustomResource'}
2024-01-19 10:10:58,460 217 i.c.o.w.r.InformerRegister     [DEBUG] Found event source for: GroupVersionKind{group='null', version='v1', kind='ConfigMap'}
2024-01-19 10:10:58,464 219 i.c.o.w.r.InformerRegister     [DEBUG] Found event source for: GroupVersionKind{group='io.csviri.operator.workflow', version='v1', kind='TestCustomResource'}
2024-01-19 10:10:58,464 219 i.c.o.w.r.InformerRegister     [DEBUG] Found event source for: GroupVersionKind{group='null', version='v1', kind='ConfigMap'}
2024-01-19 10:10:58,469 226 i.c.o.w.r.InformerRegister     [DEBUG] Found event source for: GroupVersionKind{group='io.csviri.operator.workflow', version='v1', kind='TestCustomResource'}
2024-01-19 10:10:58,469 226 i.c.o.w.r.InformerRegister     [DEBUG] Found event source for: GroupVersionKind{group='null', version='v1', kind='ConfigMap'}
2024-01-19 10:10:58,472 230 i.c.o.w.r.InformerRegister     [DEBUG] De-registering Informer on Workflow change for workflow: CustomResource{kind='Workflow', apiVersion='io.csviri.operator.workflow/v1beta1', metadata=ObjectMeta(annotations={workflow-operator-watch-cr/group=io.csviri.operator.workflow, workflow-operator-watch-cr/kind=TestCustomResource, workflow-operator-watch-cr/name=testcr2, workflow-operator-watch-cr/version=v1}, creationTimestamp=2024-01-19T09:10:58Z, deletionGracePeriodSeconds=null, deletionTimestamp=null, finalizers=[workflows.io.csviri.operator.workflow/finalizer], generateName=null, generation=1, labels={foroperator=true}, managedFields=[ManagedFieldsEntry(apiVersion=io.csviri.operator.workflow/v1beta1, fieldsType=FieldsV1, fieldsV1=FieldsV1(additionalProperties={f:metadata={f:annotations={.={}, f:workflow-operator-watch-cr/group={}, f:workflow-operator-watch-cr/kind={}, f:workflow-operator-watch-cr/name={}, f:workflow-operator-watch-cr/version={}}, f:finalizers={.={}, v:"workflows.io.csviri.operator.workflow/finalizer"={}}, f:labels={.={}, f:foroperator={}}, f:ownerReferences={.={}, k:{"uid":"090fb950-c3e6-49f8-8f69-d8ea1543e781"}={}}}, f:spec={.={}, f:relatedResources={}, f:resources={}}}), manager=fabric8-kubernetes-client, operation=Update, subresource=null, time=2024-01-19T09:10:58Z, additionalProperties={})], name=testcr2-testcustomresource, namespace=workflowoperatortest-simpleconcurrencytest-31877, ownerReferences=[OwnerReference(apiVersion=io.csviri.operator.workflow/v1, blockOwnerDeletion=null, controller=null, kind=TestCustomResource, name=testcr2, uid=090fb950-c3e6-49f8-8f69-d8ea1543e781, additionalProperties={})], resourceVersion=1276, selfLink=null, uid=4b7539eb-d7c2-4795-afde-612a68930810, additionalProperties={}), spec=WorkflowSpec{resources=[io.csviri.operator.workflow.customresource.workflow.DependentResourceSpec@69bf6509]}, status=null} gvk: GroupVersionKind{group='io.csviri.operator.workflow', version='v1', kind='TestCustomResource'}
[...]
2024-01-19 10:10:58,479 219 i.c.o.w.r.InformerRegister     [DEBUG] De-registering Informer on Workflow change for workflow: CustomResource{kind='Workflow', apiVersion='io.csviri.operator.workflow/v1beta1', metadata=ObjectMeta(annotations={workflow-operator-watch-cr/group=io.csviri.operator.workflow, workflow-operator-watch-cr/kind=TestCustomResource, workflow-operator-watch-cr/name=testcr5, workflow-operator-watch-cr/version=v1}, creationTimestamp=2024-01-19T09:10:58Z, deletionGracePeriodSeconds=null, deletionTimestamp=null, finalizers=[workflows.io.csviri.operator.workflow/finalizer], generateName=null, generation=1, labels={foroperator=true}, managedFields=[ManagedFieldsEntry(apiVersion=io.csviri.operator.workflow/v1beta1, fieldsType=FieldsV1, fieldsV1=FieldsV1(additionalProperties={f:metadata={f:annotations={.={}, f:workflow-operator-watch-cr/group={}, f:workflow-operator-watch-cr/kind={}, f:workflow-operator-watch-cr/name={}, f:workflow-operator-watch-cr/version={}}, f:finalizers={.={}, v:"workflows.io.csviri.operator.workflow/finalizer"={}}, f:labels={.={}, f:foroperator={}}, f:ownerReferences={.={}, k:{"uid":"1bc70b01-49ea-49d5-9a93-36a92c1e6311"}={}}}, f:spec={.={}, f:relatedResources={}, f:resources={}}}), manager=fabric8-kubernetes-client, operation=Update, subresource=null, time=2024-01-19T09:10:58Z, additionalProperties={})], name=testcr5-testcustomresource, namespace=workflowoperatortest-simpleconcurrencytest-31877, ownerReferences=[OwnerReference(apiVersion=io.csviri.operator.workflow/v1, blockOwnerDeletion=null, controller=null, kind=TestCustomResource, name=testcr5, uid=1bc70b01-49ea-49d5-9a93-36a92c1e6311, additionalProperties={})], resourceVersion=1280, selfLink=null, uid=f39ba0c1-1342-4cf8-90de-d30936d81f94, additionalProperties={}), spec=WorkflowSpec{resources=[io.csviri.operator.workflow.customresource.workflow.DependentResourceSpec@69bf6509]}, status=null} gvk: GroupVersionKind{group='io.csviri.operator.workflow', version='v1', kind='TestCustomResource'}
2024-01-19 10:10:58,482 226 i.c.o.w.r.InformerRegister     [DEBUG] De-registering Informer on Workflow change for workflow: CustomResource{kind='Workflow', apiVersion='io.csviri.operator.workflow/v1beta1', metadata=ObjectMeta(annotations={workflow-operator-watch-cr/group=io.csviri.operator.workflow, workflow-operator-watch-cr/kind=TestCustomResource, workflow-operator-watch-cr/name=testcr4, workflow-operator-watch-cr/version=v1}, creationTimestamp=2024-01-19T09:10:58Z, deletionGracePeriodSeconds=null, deletionTimestamp=null, finalizers=[workflows.io.csviri.operator.workflow/finalizer], generateName=null, generation=1, labels={foroperator=true}, managedFields=[ManagedFieldsEntry(apiVersion=io.csviri.operator.workflow/v1beta1, fieldsType=FieldsV1, fieldsV1=FieldsV1(additionalProperties={f:metadata={f:annotations={.={}, f:workflow-operator-watch-cr/group={}, f:workflow-operator-watch-cr/kind={}, f:workflow-operator-watch-cr/name={}, f:workflow-operator-watch-cr/version={}}, f:finalizers={.={}, v:"workflows.io.csviri.operator.workflow/finalizer"={}}, f:labels={.={}, f:foroperator={}}, f:ownerReferences={.={}, k:{"uid":"79c128df-660b-4f1d-8e40-cd0321c39f1d"}={}}}, f:spec={.={}, f:relatedResources={}, f:resources={}}}), manager=fabric8-kubernetes-client, operation=Update, subresource=null, time=2024-01-19T09:10:58Z, additionalProperties={})], name=testcr4-testcustomresource, namespace=workflowoperatortest-simpleconcurrencytest-31877, ownerReferences=[OwnerReference(apiVersion=io.csviri.operator.workflow/v1, blockOwnerDeletion=null, controller=null, kind=TestCustomResource, name=testcr4, uid=79c128df-660b-4f1d-8e40-cd0321c39f1d, additionalProperties={})], resourceVersion=1283, selfLink=null, uid=d4cff364-6b5f-42a8-ad9f-0ad5abba52a2, additionalProperties={}), spec=WorkflowSpec{resources=[io.csviri.operator.workflow.customresource.workflow.DependentResourceSpec@69bf6509]}, status=null} gvk: GroupVersionKind{group='io.csviri.operator.workflow', version='v1', kind='TestCustomResource'}
2024-01-19 10:10:58,483 211 i.c.o.w.r.InformerRegister     [DEBUG] Found event source for: GroupVersionKind{group='io.csviri.operator.workflow', version='v1', kind='TestCustomResource'}
2024-01-19 10:10:58,483 211 i.c.o.w.r.InformerRegister     [DEBUG] Found event source for: GroupVersionKind{group='null', version='v1', kind='ConfigMap'}
2024-01-19 10:10:58,484 213 i.c.o.w.r.InformerRegister     [DEBUG] De-registering Informer on Workflow change for workflow: CustomResource{kind='Workflow', apiVersion='io.csviri.operator.workflow/v1beta1', metadata=ObjectMeta(annotations={workflow-operator-watch-cr/group=io.csviri.operator.workflow, workflow-operator-watch-cr/kind=TestCustomResource, workflow-operator-watch-cr/name=testcr7, workflow-operator-watch-cr/version=v1}, creationTimestamp=2024-01-19T09:10:58Z, deletionGracePeriodSeconds=null, deletionTimestamp=null, finalizers=[workflows.io.csviri.operator.workflow/finalizer], generateName=null, generation=1, labels={foroperator=true}, managedFields=[ManagedFieldsEntry(apiVersion=io.csviri.operator.workflow/v1beta1, fieldsType=FieldsV1, fieldsV1=FieldsV1(additionalProperties={f:metadata={f:annotations={.={}, f:workflow-operator-watch-cr/group={}, f:workflow-operator-watch-cr/kind={}, f:workflow-operator-watch-cr/name={}, f:workflow-operator-watch-cr/version={}}, f:finalizers={.={}, v:"workflows.io.csviri.operator.workflow/finalizer"={}}, f:labels={.={}, f:foroperator={}}, f:ownerReferences={.={}, k:{"uid":"f462d805-502a-4603-beb2-3fbf4c78d2c5"}={}}}, f:spec={.={}, f:relatedResources={}, f:resources={}}}), manager=fabric8-kubernetes-client, operation=Update, subresource=null, time=2024-01-19T09:10:58Z, additionalProperties={})], name=testcr7-testcustomresource, namespace=workflowoperatortest-simpleconcurrencytest-31877, ownerReferences=[OwnerReference(apiVersion=io.csviri.operator.workflow/v1, blockOwnerDeletion=null, controller=null, kind=TestCustomResource, name=testcr7, uid=f462d805-502a-4603-beb2-3fbf4c78d2c5, additionalProperties={})], resourceVersion=1286, selfLink=null, uid=eddff818-9371-4301-99ee-287e9103f16c, additionalProperties={}), spec=WorkflowSpec{resources=[io.csviri.operator.workflow.customresource.workflow.DependentResourceSpec@69bf6509]}, status=null} gvk: GroupVersionKind{group='io.csviri.operator.workflow', version='v1', kind='TestCustomResource'}
2024-01-19 10:10:58,491 225 i.c.o.w.r.InformerRegister     [DEBUG] Found event source for: GroupVersionKind{group='io.csviri.operator.workflow', version='v1', kind='TestCustomResource'}
2024-01-19 10:10:58,491 225 i.c.o.w.r.InformerRegister     [DEBUG] Found event source for: GroupVersionKind{group='null', version='v1', kind='ConfigMap'}
2024-01-19 10:10:58,492 211 i.c.o.w.r.InformerRegister     [DEBUG] De-registering Informer on Workflow change for workflow: CustomResource{kind='Workflow', apiVersion='io.csviri.operator.workflow/v1beta1', metadata=ObjectMeta(annotations={workflow-operator-watch-cr/group=io.csviri.operator.workflow, workflow-operator-watch-cr/kind=TestCustomResource, workflow-operator-watch-cr/name=testcr6, workflow-operator-watch-cr/version=v1}, creationTimestamp=2024-01-19T09:10:58Z, deletionGracePeriodSeconds=null, deletionTimestamp=null, finalizers=[workflows.io.csviri.operator.workflow/finalizer], generateName=null, generation=1, labels={foroperator=true}, managedFields=[ManagedFieldsEntry(apiVersion=io.csviri.operator.workflow/v1beta1, fieldsType=FieldsV1, fieldsV1=FieldsV1(additionalProperties={f:metadata={f:annotations={.={}, f:workflow-operator-watch-cr/group={}, f:workflow-operator-watch-cr/kind={}, f:workflow-operator-watch-cr/name={}, f:workflow-operator-watch-cr/version={}}, f:finalizers={.={}, v:"workflows.io.csviri.operator.workflow/finalizer"={}}, f:labels={.={}, f:foroperator={}}, f:ownerReferences={.={}, k:{"uid":"1cd688f5-369f-4b55-ae4f-d49a54be0a62"}={}}}, f:spec={.={}, f:relatedResources={}, f:resources={}}}), manager=fabric8-kubernetes-client, operation=Update, subresource=null, time=2024-01-19T09:10:58Z, additionalProperties={})], name=testcr6-testcustomresource, namespace=workflowoperatortest-simpleconcurrencytest-31877, ownerReferences=[OwnerReference(apiVersion=io.csviri.operator.workflow/v1, blockOwnerDeletion=null, controller=null, kind=TestCustomResource, name=testcr6, uid=1cd688f5-369f-4b55-ae4f-d49a54be0a62, additionalProperties={})], resourceVersion=1290, selfLink=null, uid=b24ad673-45b2-4b00-ad31-472ef7f093ca, additionalProperties={}), spec=WorkflowSpec{resources=[io.csviri.operator.workflow.customresource.workflow.DependentResourceSpec@69bf6509]}, status=null} gvk: GroupVersionKind{group='io.csviri.operator.workflow', version='v1', kind='TestCustomResource'}
2024-01-19 10:10:58,498 219 i.c.o.w.r.InformerRegister     [DEBUG] Found event source for: GroupVersionKind{group='io.csviri.operator.workflow', version='v1', kind='TestCustomResource'}
2024-01-19 10:10:58,498 219 i.c.o.w.r.InformerRegister     [DEBUG] Found event source for: GroupVersionKind{group='null', version='v1', kind='ConfigMap'}
2024-01-19 10:10:58,499 225 i.c.o.w.r.InformerRegister     [DEBUG] De-registering Informer on Workflow change for workflow: CustomResource{kind='Workflow', apiVersion='io.csviri.operator.workflow/v1beta1', metadata=ObjectMeta(annotations={workflow-operator-watch-cr/group=io.csviri.operator.workflow, workflow-operator-watch-cr/kind=TestCustomResource, workflow-operator-watch-cr/name=testcr9, workflow-operator-watch-cr/version=v1}, creationTimestamp=2024-01-19T09:10:58Z, deletionGracePeriodSeconds=null, deletionTimestamp=null, finalizers=[workflows.io.csviri.operator.workflow/finalizer], generateName=null, generation=1, labels={foroperator=true}, managedFields=[ManagedFieldsEntry(apiVersion=io.csviri.operator.workflow/v1beta1, fieldsType=FieldsV1, fieldsV1=FieldsV1(additionalProperties={f:metadata={f:annotations={.={}, f:workflow-operator-watch-cr/group={}, f:workflow-operator-watch-cr/kind={}, f:workflow-operator-watch-cr/name={}, f:workflow-operator-watch-cr/version={}}, f:finalizers={.={}, v:"workflows.io.csviri.operator.workflow/finalizer"={}}, f:labels={.={}, f:foroperator={}}, f:ownerReferences={.={}, k:{"uid":"48a73185-da47-4372-bfa5-7ecaa83371d6"}={}}}, f:spec={.={}, f:relatedResources={}, f:resources={}}}), manager=fabric8-kubernetes-client, operation=Update, subresource=null, time=2024-01-19T09:10:58Z, additionalProperties={})], name=testcr9-testcustomresource, namespace=workflowoperatortest-simpleconcurrencytest-31877, ownerReferences=[OwnerReference(apiVersion=io.csviri.operator.workflow/v1, blockOwnerDeletion=null, controller=null, kind=TestCustomResource, name=testcr9, uid=48a73185-da47-4372-bfa5-7ecaa83371d6, additionalProperties={})], resourceVersion=1294, selfLink=null, uid=71cfe33f-0c0b-4b2f-a145-a7e83c30557e, additionalProperties={}), spec=WorkflowSpec{resources=[io.csviri.operator.workflow.customresource.workflow.DependentResourceSpec@69bf6509]}, status=null} gvk: GroupVersionKind{group='io.csviri.operator.workflow', version='v1', kind='TestCustomResource'}
2024-01-19 10:10:58,502 221 i.c.o.w.r.InformerRegister     [DEBUG] Found event source for: GroupVersionKind{group='null', version='v1', kind='ConfigMap'}
2024-01-19 10:10:58,506 219 i.c.o.w.r.InformerRegister     [DEBUG] De-registering Informer on Workflow change for workflow: CustomResource{kind='Workflow', apiVersion='io.csviri.operator.workflow/v1beta1', metadata=ObjectMeta(annotations={workflow-operator-watch-cr/group=io.csviri.operator.workflow, workflow-operator-watch-cr/kind=TestCustomResource, workflow-operator-watch-cr/name=testcr8, workflow-operator-watch-cr/version=v1}, creationTimestamp=2024-01-19T09:10:58Z, deletionGracePeriodSeconds=null, deletionTimestamp=null, finalizers=[workflows.io.csviri.operator.workflow/finalizer], generateName=null, generation=1, labels={foroperator=true}, managedFields=[ManagedFieldsEntry(apiVersion=io.csviri.operator.workflow/v1beta1, fieldsType=FieldsV1, fieldsV1=FieldsV1(additionalProperties={f:metadata={f:annotations={.={}, f:workflow-operator-watch-cr/group={}, f:workflow-operator-watch-cr/kind={}, f:workflow-operator-watch-cr/name={}, f:workflow-operator-watch-cr/version={}}, f:finalizers={.={}, v:"workflows.io.csviri.operator.workflow/finalizer"={}}, f:labels={.={}, f:foroperator={}}, f:ownerReferences={.={}, k:{"uid":"421f00c9-d2f6-4156-863b-d536be55474d"}={}}}, f:spec={.={}, f:relatedResources={}, f:resources={}}}), manager=fabric8-kubernetes-client, operation=Update, subresource=null, time=2024-01-19T09:10:58Z, additionalProperties={})], name=testcr8-testcustomresource, namespace=workflowoperatortest-simpleconcurrencytest-31877, ownerReferences=[OwnerReference(apiVersion=io.csviri.operator.workflow/v1, blockOwnerDeletion=null, controller=null, kind=TestCustomResource, name=testcr8, uid=421f00c9-d2f6-4156-863b-d536be55474d, additionalProperties={})], resourceVersion=1296, selfLink=null, uid=1056d7bd-e722-40c0-8495-a3a5daee4454, additionalProperties={}), spec=WorkflowSpec{resources=[io.csviri.operator.workflow.customresource.workflow.DependentResourceSpec@69bf6509]}, status=null} gvk: GroupVersionKind{group='io.csviri.operator.workflow', version='v1', kind='TestCustomResource'}
2024-01-19 10:10:58,512 221 i.c.o.w.r.InformerRegister     [DEBUG] De-registering Informer on Workflow change for workflow: CustomResource{kind='Workflow', apiVersion='io.csviri.operator.workflow/v1beta1', metadata=ObjectMeta(annotations={workflow-operator-watch-cr/group=io.csviri.operator.workflow, workflow-operator-watch-cr/kind=TestCustomResource, workflow-operator-watch-cr/name=testcr1, workflow-operator-watch-cr/version=v1}, creationTimestamp=2024-01-19T09:10:58Z, deletionGracePeriodSeconds=null, deletionTimestamp=null, finalizers=[workflows.io.csviri.operator.workflow/finalizer], generateName=null, generation=1, labels={foroperator=true}, managedFields=[ManagedFieldsEntry(apiVersion=io.csviri.operator.workflow/v1beta1, fieldsType=FieldsV1, fieldsV1=FieldsV1(additionalProperties={f:metadata={f:annotations={.={}, f:workflow-operator-watch-cr/group={}, f:workflow-operator-watch-cr/kind={}, f:workflow-operator-watch-cr/name={}, f:workflow-operator-watch-cr/version={}}, f:finalizers={.={}, v:"workflows.io.csviri.operator.workflow/finalizer"={}}, f:labels={.={}, f:foroperator={}}, f:ownerReferences={.={}, k:{"uid":"87654405-95f5-4902-8c35-69910ae05119"}={}}}, f:spec={.={}, f:relatedResources={}, f:resources={}}}), manager=fabric8-kubernetes-client, operation=Update, subresource=null, time=2024-01-19T09:10:58Z, additionalProperties={})], name=testcr1-testcustomresource, namespace=workflowoperatortest-simpleconcurrencytest-31877, ownerReferences=[OwnerReference(apiVersion=io.csviri.operator.workflow/v1, blockOwnerDeletion=null, controller=null, kind=TestCustomResource, name=testcr1, uid=87654405-95f5-4902-8c35-69910ae05119, additionalProperties={})], resourceVersion=1272, selfLink=null, uid=29237e4a-2ce9-4a80-9ef2-ac079786a556, additionalProperties={}), spec=WorkflowSpec{resources=[io.csviri.operator.workflow.customresource.workflow.DependentResourceSpec@69bf6509]}, status=null} gvk: GroupVersionKind{group='io.csviri.operator.workflow', version='v1', kind='TestCustomResource'}
2024-01-19 10:10:58,534 217 i.c.o.w.r.WorkflowOperatorReconciler [DEBUG] Reconciling: wo in namespace: workflowoperatortest-simpleconcurrencytest-31877
2024-01-19 10:10:58,538 226 i.c.o.w.r.WorkflowOperatorReconciler [DEBUG] Reconciling: wo in namespace: workflowoperatortest-simpleconcurrencytest-31877
2024-01-19 10:10:58,543 213 i.c.o.w.r.WorkflowOperatorReconciler [DEBUG] Reconciling: wo in namespace: workflowoperatortest-simpleconcurrencytest-31877
2024-01-19 10:10:58,547 222 i.c.o.w.r.InformerRegister     [DEBUG] Found event source for: GroupVersionKind{group='null', version='v1', kind='ConfigMap'}
2024-01-19 10:10:58,548 230 i.c.o.w.r.InformerRegister     [DEBUG] Found event source for: GroupVersionKind{group='null', version='v1', kind='ConfigMap'}
2024-01-19 10:10:58,549 211 i.c.o.w.r.WorkflowOperatorReconciler [DEBUG] Reconciling: wo in namespace: workflowoperatortest-simpleconcurrencytest-31877
2024-01-19 10:10:58,554 223 i.c.o.w.r.InformerRegister     [DEBUG] Found event source for: GroupVersionKind{group='null', version='v1', kind='ConfigMap'}
2024-01-19 10:10:58,555 225 i.c.o.w.r.WorkflowOperatorReconciler [DEBUG] Reconciling: wo in namespace: workflowoperatortest-simpleconcurrencytest-31877
2024-01-19 10:10:58,561 219 i.c.o.w.r.InformerRegister     [DEBUG] Found event source for: GroupVersionKind{group='null', version='v1', kind='ConfigMap'}
2024-01-19 10:10:58,562 221 i.c.o.w.r.WorkflowOperatorReconciler [DEBUG] Reconciling: wo in namespace: workflowoperatortest-simpleconcurrencytest-31877
2024-01-19 10:10:58,564 217 i.c.o.w.r.InformerRegister     [DEBUG] Found event source for: GroupVersionKind{group='null', version='v1', kind='ConfigMap'}
2024-01-19 10:10:58,569 226 i.c.o.w.r.WorkflowOperatorReconciler [DEBUG] Reconciling: wo in namespace: workflowoperatortest-simpleconcurrencytest-31877
2024-01-19 10:10:58,571 213 i.c.o.w.r.InformerRegister     [DEBUG] Found event source for: GroupVersionKind{group='null', version='v1', kind='ConfigMap'}
2024-01-19 10:10:58,576 211 i.c.o.w.r.WorkflowOperatorReconciler [DEBUG] Reconciling: wo in namespace: workflowoperatortest-simpleconcurrencytest-31877
2024-01-19 10:10:58,577 230 i.c.o.w.r.InformerRegister     [DEBUG] Found event source for: GroupVersionKind{group='null', version='v1', kind='ConfigMap'}
2024-01-19 10:10:58,584 222 i.c.o.w.r.WorkflowOperatorReconciler [DEBUG] Reconciling: wo in namespace: workflowoperatortest-simpleconcurrencytest-31877
2024-01-19 10:10:58,585 225 i.c.o.w.r.InformerRegister     [DEBUG] Found event source for: GroupVersionKind{group='null', version='v1', kind='ConfigMap'}
2024-01-19 10:10:58,591 223 i.c.o.w.r.WorkflowOperatorReconciler [DEBUG] Reconciling: wo in namespace: workflowoperatortest-simpleconcurrencytest-31877
2024-01-19 10:10:58,605 221 i.c.o.w.r.InformerRegister     [DEBUG] Found event source for: GroupVersionKind{group='null', version='v1', kind='ConfigMap'}
2024-01-19 10:10:58,695 219 i.c.o.w.r.InformerRegister     [DEBUG] Found event source for: GroupVersionKind{group='null', version='v1', kind='ConfigMap'}
2024-01-19 10:10:58,835 1 i.j.o.j.AbstractOperatorExtension [INFO ] Deleting namespace workflowoperatortest-simpleconcurrencytest-31877 and stopping operator
2024-01-19 10:10:58,841 1 i.j.o.j.AbstractOperatorExtension [INFO ] Waiting for namespace workflowoperatortest-simpleconcurrencytest-31877 to be deleted
2024-01-19 10:11:09,073 1 i.j.o.Operator                 [INFO ] Operator SDK 4.7.0-SNAPSHOT is shutting down...
]]></system-out>
  </testcase>
</testsuite>